<?xml version="1.0" encoding="UTF-8"?>
<coverage generated="1782439194495" clover="3.2.0">
  <project timestamp="1782439194495" name="All files">
    <metrics statements="224" coveredstatements="224" conditionals="215" coveredconditionals="203" methods="56" coveredmethods="56" elements="495" coveredelements="483" complexity="0" loc="224" ncloc="224" packages="1" files="7" classes="7"/>
    <file name="adaptiveTDEE.ts" path="C:\Users\21266\Desktop\sdk52\salorie\salorie\lib\adaptiveTDEE.ts">
      <metrics statements="54" coveredstatements="54" conditionals="49" coveredconditionals="40" methods="19" coveredmethods="19"/>
      <line num="11" count="2" type="stmt"/>
      <line num="13" count="2" type="stmt"/>
      <line num="14" count="30" type="cond" truecount="1" falsecount="0"/>
      <line num="15" count="7" type="cond" truecount="1" falsecount="0"/>
      <line num="16" count="6" type="cond" truecount="1" falsecount="0"/>
      <line num="17" count="4" type="cond" truecount="1" falsecount="0"/>
      <line num="18" count="2" type="cond" truecount="1" falsecount="1"/>
      <line num="23" count="6" type="stmt"/>
      <line num="24" count="6" type="cond" truecount="0" falsecount="1"/>
      <line num="25" count="12" type="stmt"/>
      <line num="26" count="12" type="stmt"/>
      <line num="27" count="12" type="stmt"/>
      <line num="28" count="12" type="stmt"/>
      <line num="29" count="6" type="stmt"/>
      <line num="30" count="6" type="cond" truecount="0" falsecount="1"/>
      <line num="31" count="6" type="stmt"/>
      <line num="36" count="2" type="stmt"/>
      <line num="37" count="7" type="stmt"/>
      <line num="38" count="13" type="cond" truecount="2" falsecount="0"/>
      <line num="39" count="13" type="cond" truecount="2" falsecount="0"/>
      <line num="40" count="5" type="stmt"/>
      <line num="41" count="7" type="cond" truecount="2" falsecount="0"/>
      <line num="44" count="2" type="stmt"/>
      <line num="45" count="6" type="stmt"/>
      <line num="46" count="6" type="cond" truecount="4" falsecount="0"/>
      <line num="49" count="2" type="stmt"/>
      <line num="50" count="9" type="stmt"/>
      <line num="51" count="9" type="cond" truecount="2" falsecount="0"/>
      <line num="52" count="4" type="cond" truecount="1" falsecount="0"/>
      <line num="53" count="9" type="stmt"/>
      <line num="68" count="2" type="stmt"/>
      <line num="74" count="2" type="stmt"/>
      <line num="77" count="2" type="stmt"/>
      <line num="78" count="2" type="stmt"/>
      <line num="79" count="15" type="stmt"/>
      <line num="80" count="15" type="cond" truecount="2" falsecount="1"/>
      <line num="81" count="15" type="stmt"/>
      <line num="82" count="15" type="cond" truecount="3" falsecount="1"/>
      <line num="84" count="15" type="stmt"/>
      <line num="85" count="2" type="stmt"/>
      <line num="86" count="15" type="cond" truecount="1" falsecount="1"/>
      <line num="89" count="2" type="stmt"/>
      <line num="90" count="2" type="stmt"/>
      <line num="91" count="2" type="cond" truecount="2" falsecount="0"/>
      <line num="92" count="1" type="stmt"/>
      <line num="93" count="2" type="cond" truecount="2" falsecount="0"/>
      <line num="94" count="2" type="cond" truecount="2" falsecount="0"/>
      <line num="95" count="2" type="stmt"/>
      <line num="98" count="2" type="cond" truecount="4" falsecount="0"/>
      <line num="99" count="1" type="stmt"/>
      <line num="106" count="1" type="stmt"/>
      <line num="107" count="1" type="cond" truecount="3" falsecount="1"/>
      <line num="108" count="1" type="cond" truecount="1" falsecount="1"/>
      <line num="110" count="1" type="stmt"/>
    </file>
    <file name="analyticsCompute.ts" path="C:\Users\21266\Desktop\sdk52\salorie\salorie\lib\analyticsCompute.ts">
      <metrics statements="22" coveredstatements="22" conditionals="17" coveredconditionals="17" methods="10" coveredmethods="10"/>
      <line num="15" count="1" type="stmt"/>
      <line num="19" count="7" type="stmt"/>
      <line num="20" count="18" type="cond" truecount="2" falsecount="0"/>
      <line num="21" count="18" type="stmt"/>
      <line num="22" count="7" type="cond" truecount="1" falsecount="0"/>
      <line num="24" count="5" type="stmt"/>
      <line num="25" count="5" type="stmt"/>
      <line num="26" count="8" type="stmt"/>
      <line num="27" count="5" type="stmt"/>
      <line num="28" count="8" type="stmt"/>
      <line num="29" count="5" type="stmt"/>
      <line num="32" count="5" type="cond" truecount="4" falsecount="0"/>
      <line num="35" count="5" type="cond" truecount="2" falsecount="0"/>
      <line num="36" count="2" type="cond" truecount="2" falsecount="0"/>
      <line num="37" count="1" type="stmt"/>
      <line num="39" count="5" type="stmt"/>
      <line num="50" count="1" type="stmt"/>
      <line num="51" count="2" type="stmt"/>
      <line num="52" count="4" type="cond" truecount="2" falsecount="0"/>
      <line num="53" count="4" type="cond" truecount="2" falsecount="0"/>
      <line num="54" count="4" type="cond" truecount="2" falsecount="0"/>
      <line num="55" count="4" type="stmt"/>
    </file>
    <file name="healthScore.ts" path="C:\Users\21266\Desktop\sdk52\salorie\salorie\lib\healthScore.ts">
      <metrics statements="39" coveredstatements="39" conditionals="50" coveredconditionals="50" methods="2" coveredmethods="2"/>
      <line num="25" count="1" type="stmt"/>
      <line num="31" count="242" type="stmt"/>
      <line num="32" count="688" type="cond" truecount="2" falsecount="0"/>
      <line num="33" count="242" type="stmt"/>
      <line num="36" count="1" type="stmt"/>
      <line num="37" count="49" type="cond" truecount="2" falsecount="0"/>
      <line num="38" count="49" type="cond" truecount="2" falsecount="0"/>
      <line num="39" count="49" type="cond" truecount="2" falsecount="0"/>
      <line num="40" count="49" type="cond" truecount="2" falsecount="0"/>
      <line num="41" count="49" type="cond" truecount="2" falsecount="0"/>
      <line num="42" count="49" type="cond" truecount="4" falsecount="0"/>
      <line num="45" count="49" type="cond" truecount="4" falsecount="0"/>
      <line num="46" count="49" type="cond" truecount="2" falsecount="0"/>
      <line num="47" count="49" type="cond" truecount="2" falsecount="0"/>
      <line num="48" count="49" type="cond" truecount="2" falsecount="0"/>
      <line num="52" count="49" type="cond" truecount="2" falsecount="0"/>
      <line num="53" count="23" type="stmt"/>
      <line num="54" count="23" type="stmt"/>
      <line num="55" count="23" type="stmt"/>
      <line num="56" count="23" type="cond" truecount="2" falsecount="0"/>
      <line num="57" count="23" type="cond" truecount="2" falsecount="0"/>
      <line num="58" count="23" type="cond" truecount="2" falsecount="0"/>
      <line num="59" count="23" type="cond" truecount="2" falsecount="0"/>
      <line num="60" count="23" type="stmt"/>
      <line num="61" count="23" type="stmt"/>
      <line num="62" count="23" type="stmt"/>
      <line num="65" count="26" type="stmt"/>
      <line num="66" count="26" type="stmt"/>
      <line num="67" count="26" type="stmt"/>
      <line num="68" count="26" type="stmt"/>
      <line num="69" count="26" type="stmt"/>
      <line num="70" count="26" type="stmt"/>
      <line num="71" count="26" type="stmt"/>
      <line num="74" count="49" type="stmt"/>
      <line num="75" count="49" type="cond" truecount="8" falsecount="0"/>
      <line num="76" count="49" type="cond" truecount="6" falsecount="0"/>
      <line num="78" count="49" type="stmt"/>
      <line num="79" count="49" type="stmt"/>
      <line num="83" count="1" type="stmt"/>
    </file>
    <file name="localInsights.ts" path="C:\Users\21266\Desktop\sdk52\salorie\salorie\lib\localInsights.ts">
      <metrics statements="50" coveredstatements="50" conditionals="51" coveredconditionals="50" methods="14" coveredmethods="14"/>
      <line num="9" count="1" type="stmt"/>
      <line num="12" count="64" type="cond" truecount="3" falsecount="0"/>
      <line num="13" count="4" type="cond" truecount="2" falsecount="0"/>
      <line num="14" count="1" type="stmt"/>
      <line num="21" count="1" type="stmt"/>
      <line num="22" count="22" type="cond" truecount="2" falsecount="0"/>
      <line num="23" count="64" type="stmt"/>
      <line num="24" count="64" type="cond" truecount="3" falsecount="0"/>
      <line num="25" count="43" type="stmt"/>
      <line num="26" count="22" type="cond" truecount="1" falsecount="0"/>
      <line num="29" count="16" type="stmt"/>
      <line num="30" count="57" type="stmt"/>
      <line num="31" count="57" type="stmt"/>
      <line num="32" count="16" type="stmt"/>
      <line num="33" count="57" type="stmt"/>
      <line num="34" count="57" type="stmt"/>
      <line num="35" count="16" type="stmt"/>
      <line num="36" count="57" type="stmt"/>
      <line num="37" count="16" type="cond" truecount="1" falsecount="1"/>
      <line num="38" count="16" type="cond" truecount="4" falsecount="0"/>
      <line num="41" count="16" type="stmt"/>
      <line num="42" count="16" type="stmt"/>
      <line num="43" count="16" type="stmt"/>
      <line num="44" count="23" type="stmt"/>
      <line num="45" count="23" type="stmt"/>
      <line num="46" count="16" type="stmt"/>
      <line num="47" count="16" type="stmt"/>
      <line num="49" count="16" type="stmt"/>
      <line num="51" count="16" type="cond" truecount="4" falsecount="0"/>
      <line num="52" count="16" type="cond" truecount="2" falsecount="0"/>
      <line num="53" count="16" type="cond" truecount="2" falsecount="0"/>
      <line num="55" count="16" type="stmt"/>
      <line num="56" count="16" type="cond" truecount="3" falsecount="0"/>
      <line num="57" count="3" type="stmt"/>
      <line num="58" count="3" type="cond" truecount="3" falsecount="0"/>
      <line num="59" count="1" type="stmt"/>
      <line num="68" count="16" type="stmt"/>
      <line num="77" count="1" type="stmt"/>
      <line num="99" count="1" type="stmt"/>
      <line num="104" count="15" type="stmt"/>
      <line num="110" count="15" type="stmt"/>
      <line num="111" count="225" type="stmt"/>
      <line num="112" count="225" type="stmt"/>
      <line num="113" count="225" type="cond" truecount="3" falsecount="0"/>
      <line num="114" count="225" type="cond" truecount="1" falsecount="0"/>
      <line num="115" count="225" type="cond" truecount="3" falsecount="0"/>
      <line num="116" count="225" type="cond" truecount="3" falsecount="0"/>
      <line num="117" count="225" type="stmt"/>
      <line num="119" count="601" type="stmt"/>
      <line num="121" count="15" type="stmt"/>
    </file>
    <file name="mlApi.ts" path="C:\Users\21266\Desktop\sdk52\salorie\salorie\lib\mlApi.ts">
      <metrics statements="20" coveredstatements="20" conditionals="14" coveredconditionals="14" methods="5" coveredmethods="5"/>
      <line num="5" count="6" type="stmt"/>
      <line num="7" count="6" type="cond" truecount="2" falsecount="0"/>
      <line num="10" count="21" type="stmt"/>
      <line num="11" count="21" type="cond" truecount="2" falsecount="0"/>
      <line num="35" count="6" type="stmt"/>
      <line num="36" count="12" type="cond" truecount="1" falsecount="0"/>
      <line num="37" count="10" type="cond" truecount="2" falsecount="0"/>
      <line num="38" count="10" type="stmt"/>
      <line num="39" count="10" type="cond" truecount="1" falsecount="0"/>
      <line num="40" count="9" type="stmt"/>
      <line num="43" count="6" type="stmt"/>
      <line num="48" count="7" type="cond" truecount="1" falsecount="0"/>
      <line num="49" count="6" type="stmt"/>
      <line num="54" count="6" type="cond" truecount="1" falsecount="0"/>
      <line num="55" count="5" type="stmt"/>
      <line num="58" count="6" type="stmt"/>
      <line num="62" count="6" type="cond" truecount="1" falsecount="0"/>
      <line num="63" count="5" type="stmt"/>
      <line num="68" count="5" type="cond" truecount="1" falsecount="0"/>
      <line num="69" count="4" type="stmt"/>
    </file>
    <file name="nutriScore.ts" path="C:\Users\21266\Desktop\sdk52\salorie\salorie\lib\nutriScore.ts">
      <metrics statements="16" coveredstatements="16" conditionals="20" coveredconditionals="20" methods="2" coveredmethods="2"/>
      <line num="9" count="168" type="stmt"/>
      <line num="10" count="1400" type="cond" truecount="1" falsecount="0"/>
      <line num="11" count="168" type="stmt"/>
      <line num="14" count="1" type="stmt"/>
      <line num="18" count="28" type="stmt"/>
      <line num="21" count="28" type="stmt"/>
      <line num="26" count="28" type="cond" truecount="2" falsecount="0"/>
      <line num="27" count="28" type="cond" truecount="6" falsecount="0"/>
      <line num="28" count="28" type="stmt"/>
      <line num="29" count="28" type="stmt"/>
      <line num="30" count="28" type="stmt"/>
      <line num="32" count="28" type="cond" truecount="3" falsecount="0"/>
      <line num="33" count="28" type="stmt"/>
      <line num="34" count="28" type="cond" truecount="8" falsecount="0"/>
      <line num="35" count="28" type="stmt"/>
      <line num="38" count="1" type="stmt"/>
    </file>
    <file name="projections.ts" path="C:\Users\21266\Desktop\sdk52\salorie\salorie\lib\projections.ts">
      <metrics statements="23" coveredstatements="23" conditionals="14" coveredconditionals="12" methods="4" coveredmethods="4"/>
      <line num="4" count="1" type="stmt"/>
      <line num="14" count="1" type="stmt"/>
      <line num="15" count="11" type="cond" truecount="2" falsecount="0"/>
      <line num="16" count="11" type="cond" truecount="1" falsecount="0"/>
      <line num="17" count="9" type="cond" truecount="1" falsecount="0"/>
      <line num="18" count="7" type="cond" truecount="1" falsecount="0"/>
      <line num="19" count="1" type="stmt"/>
      <line num="23" count="1" type="stmt"/>
      <line num="24" count="1" type="stmt"/>
      <line num="25" count="1" type="stmt"/>
      <line num="26" count="1" type="cond" truecount="1" falsecount="1"/>
      <line num="27" count="1" type="stmt"/>
      <line num="31" count="1" type="stmt"/>
      <line num="32" count="4" type="stmt"/>
      <line num="33" count="4" type="cond" truecount="1" falsecount="1"/>
      <line num="34" count="4" type="stmt"/>
      <line num="38" count="1" type="stmt"/>
      <line num="39" count="5" type="cond" truecount="3" falsecount="0"/>
      <line num="40" count="3" type="stmt"/>
      <line num="41" count="3" type="stmt"/>
      <line num="42" count="3" type="cond" truecount="1" falsecount="0"/>
      <line num="43" count="2" type="cond" truecount="1" falsecount="0"/>
      <line num="44" count="1" type="stmt"/>
    </file>
  </project>
</coverage>
