{"C:\\Users\\21266\\Desktop\\sdk52\\salorie\\salorie\\lib\\adaptiveTDEE.ts": {"path":"C:\\Users\\21266\\Desktop\\sdk52\\salorie\\salorie\\lib\\adaptiveTDEE.ts","statementMap":{"0":{"start":{"line":11,"column":20},"end":{"line":11,"column":24}},"1":{"start":{"line":13,"column":13},"end":{"line":19,"column":1}},"2":{"start":{"line":14,"column":2},"end":{"line":14,"column":38}},"3":{"start":{"line":14,"column":29},"end":{"line":14,"column":38}},"4":{"start":{"line":15,"column":2},"end":{"line":15,"column":19}},"5":{"start":{"line":15,"column":10},"end":{"line":15,"column":19}},"6":{"start":{"line":16,"column":2},"end":{"line":16,"column":61}},"7":{"start":{"line":16,"column":37},"end":{"line":16,"column":61}},"8":{"start":{"line":17,"column":2},"end":{"line":17,"column":60}},"9":{"start":{"line":17,"column":40},"end":{"line":17,"column":60}},"10":{"start":{"line":18,"column":12},"end":{"line":18,"column":25}},"11":{"start":{"line":18,"column":27},"end":{"line":18,"column":51}},"12":{"start":{"line":23,"column":12},"end":{"line":23,"column":25}},"13":{"start":{"line":24,"column":2},"end":{"line":24,"column":22}},"14":{"start":{"line":24,"column":13},"end":{"line":24,"column":22}},"15":{"start":{"line":25,"column":13},"end":{"line":25,"column":48}},"16":{"start":{"line":25,"column":37},"end":{"line":25,"column":44}},"17":{"start":{"line":26,"column":13},"end":{"line":26,"column":48}},"18":{"start":{"line":26,"column":37},"end":{"line":26,"column":44}},"19":{"start":{"line":27,"column":14},"end":{"line":27,"column":55}},"20":{"start":{"line":27,"column":38},"end":{"line":27,"column":51}},"21":{"start":{"line":28,"column":14},"end":{"line":28,"column":55}},"22":{"start":{"line":28,"column":38},"end":{"line":28,"column":51}},"23":{"start":{"line":29,"column":12},"end":{"line":29,"column":29}},"24":{"start":{"line":30,"column":2},"end":{"line":30,"column":35}},"25":{"start":{"line":30,"column":26},"end":{"line":30,"column":35}},"26":{"start":{"line":31,"column":2},"end":{"line":31,"column":33}},"27":{"start":{"line":37,"column":14},"end":{"line":40,"column":30}},"28":{"start":{"line":38,"column":17},"end":{"line":38,"column":83}},"29":{"start":{"line":39,"column":20},"end":{"line":39,"column":40}},"30":{"start":{"line":40,"column":20},"end":{"line":40,"column":29}},"31":{"start":{"line":41,"column":2},"end":{"line":41,"column":42}},"32":{"start":{"line":36,"column":0},"end":{"line":36,"column":16}},"33":{"start":{"line":45,"column":15},"end":{"line":45,"column":69}},"34":{"start":{"line":46,"column":2},"end":{"line":46,"column":52}},"35":{"start":{"line":44,"column":0},"end":{"line":44,"column":16}},"36":{"start":{"line":50,"column":10},"end":{"line":50,"column":14}},"37":{"start":{"line":51,"column":2},"end":{"line":52,"column":43}},"38":{"start":{"line":51,"column":23},"end":{"line":51,"column":38}},"39":{"start":{"line":52,"column":7},"end":{"line":52,"column":43}},"40":{"start":{"line":52,"column":28},"end":{"line":52,"column":43}},"41":{"start":{"line":53,"column":2},"end":{"line":53,"column":49}},"42":{"start":{"line":49,"column":0},"end":{"line":49,"column":16}},"43":{"start":{"line":74,"column":17},"end":{"line":74,"column":51}},"44":{"start":{"line":77,"column":40},"end":{"line":77,"column":42}},"45":{"start":{"line":78,"column":2},"end":{"line":83,"column":3}},"46":{"start":{"line":79,"column":15},"end":{"line":79,"column":32}},"47":{"start":{"line":80,"column":4},"end":{"line":80,"column":37}},"48":{"start":{"line":80,"column":28},"end":{"line":80,"column":37}},"49":{"start":{"line":81,"column":16},"end":{"line":81,"column":55}},"50":{"start":{"line":82,"column":4},"end":{"line":82,"column":63}},"51":{"start":{"line":84,"column":18},"end":{"line":84,"column":66}},"52":{"start":{"line":84,"column":51},"end":{"line":84,"column":65}},"53":{"start":{"line":85,"column":21},"end":{"line":85,"column":35}},"54":{"start":{"line":86,"column":20},"end":{"line":86,"column":103}},"55":{"start":{"line":86,"column":69},"end":{"line":86,"column":81}},"56":{"start":{"line":89,"column":13},"end":{"line":92,"column":30}},"57":{"start":{"line":90,"column":17},"end":{"line":90,"column":62}},"58":{"start":{"line":91,"column":19},"end":{"line":91,"column":43}},"59":{"start":{"line":92,"column":20},"end":{"line":92,"column":29}},"60":{"start":{"line":93,"column":19},"end":{"line":93,"column":82}},"61":{"start":{"line":94,"column":15},"end":{"line":94,"column":89}},"62":{"start":{"line":94,"column":53},"end":{"line":94,"column":82}},"63":{"start":{"line":95,"column":25},"end":{"line":95,"column":57}},"64":{"start":{"line":98,"column":2},"end":{"line":104,"column":3}},"65":{"start":{"line":99,"column":4},"end":{"line":103,"column":6}},"66":{"start":{"line":106,"column":15},"end":{"line":106,"column":54}},"67":{"start":{"line":107,"column":51},"end":{"line":107,"column":105}},"68":{"start":{"line":108,"column":28},"end":{"line":108,"column":82}},"69":{"start":{"line":110,"column":2},"end":{"line":116,"column":4}},"70":{"start":{"line":68,"column":0},"end":{"line":68,"column":16}}},"fnMap":{"0":{"name":"(anonymous_0)","decl":{"start":{"line":13,"column":13},"end":{"line":13,"column":14}},"loc":{"start":{"line":13,"column":32},"end":{"line":19,"column":1}}},"1":{"name":"slope","decl":{"start":{"line":22,"column":9},"end":{"line":22,"column":14}},"loc":{"start":{"line":22,"column":49},"end":{"line":32,"column":1}}},"2":{"name":"(anonymous_2)","decl":{"start":{"line":25,"column":27},"end":{"line":25,"column":28}},"loc":{"start":{"line":25,"column":37},"end":{"line":25,"column":44}}},"3":{"name":"(anonymous_3)","decl":{"start":{"line":26,"column":27},"end":{"line":26,"column":28}},"loc":{"start":{"line":26,"column":37},"end":{"line":26,"column":44}}},"4":{"name":"(anonymous_4)","decl":{"start":{"line":27,"column":28},"end":{"line":27,"column":29}},"loc":{"start":{"line":27,"column":38},"end":{"line":27,"column":51}}},"5":{"name":"(anonymous_5)","decl":{"start":{"line":28,"column":28},"end":{"line":28,"column":29}},"loc":{"start":{"line":28,"column":38},"end":{"line":28,"column":51}}},"6":{"name":"slopeKgPerDay","decl":{"start":{"line":36,"column":16},"end":{"line":36,"column":29}},"loc":{"start":{"line":36,"column":89},"end":{"line":42,"column":1}}},"7":{"name":"(anonymous_7)","decl":{"start":{"line":38,"column":9},"end":{"line":38,"column":10}},"loc":{"start":{"line":38,"column":17},"end":{"line":38,"column":83}}},"8":{"name":"(anonymous_8)","decl":{"start":{"line":39,"column":12},"end":{"line":39,"column":13}},"loc":{"start":{"line":39,"column":20},"end":{"line":39,"column":40}}},"9":{"name":"(anonymous_9)","decl":{"start":{"line":40,"column":10},"end":{"line":40,"column":11}},"loc":{"start":{"line":40,"column":20},"end":{"line":40,"column":29}}},"10":{"name":"tdeeFromIntakeAndSlope","decl":{"start":{"line":44,"column":16},"end":{"line":44,"column":38}},"loc":{"start":{"line":44,"column":82},"end":{"line":47,"column":1}}},"11":{"name":"recommendedTargetFor","decl":{"start":{"line":49,"column":16},"end":{"line":49,"column":36}},"loc":{"start":{"line":49,"column":64},"end":{"line":54,"column":1}}},"12":{"name":"computeAdaptiveTDEE","decl":{"start":{"line":68,"column":16},"end":{"line":68,"column":35}},"loc":{"start":{"line":72,"column":17},"end":{"line":117,"column":1}}},"13":{"name":"(anonymous_13)","decl":{"start":{"line":84,"column":44},"end":{"line":84,"column":45}},"loc":{"start":{"line":84,"column":51},"end":{"line":84,"column":65}}},"14":{"name":"(anonymous_14)","decl":{"start":{"line":86,"column":59},"end":{"line":86,"column":60}},"loc":{"start":{"line":86,"column":69},"end":{"line":86,"column":81}}},"15":{"name":"(anonymous_15)","decl":{"start":{"line":90,"column":9},"end":{"line":90,"column":10}},"loc":{"start":{"line":90,"column":17},"end":{"line":90,"column":62}}},"16":{"name":"(anonymous_16)","decl":{"start":{"line":91,"column":12},"end":{"line":91,"column":13}},"loc":{"start":{"line":91,"column":19},"end":{"line":91,"column":43}}},"17":{"name":"(anonymous_17)","decl":{"start":{"line":92,"column":10},"end":{"line":92,"column":11}},"loc":{"start":{"line":92,"column":20},"end":{"line":92,"column":29}}},"18":{"name":"(anonymous_18)","decl":{"start":{"line":94,"column":45},"end":{"line":94,"column":46}},"loc":{"start":{"line":94,"column":53},"end":{"line":94,"column":82}}}},"branchMap":{"0":{"loc":{"start":{"line":14,"column":2},"end":{"line":14,"column":38}},"type":"if","locations":[{"start":{"line":14,"column":2},"end":{"line":14,"column":38}}]},"1":{"loc":{"start":{"line":15,"column":2},"end":{"line":15,"column":19}},"type":"if","locations":[{"start":{"line":15,"column":2},"end":{"line":15,"column":19}}]},"2":{"loc":{"start":{"line":16,"column":2},"end":{"line":16,"column":61}},"type":"if","locations":[{"start":{"line":16,"column":2},"end":{"line":16,"column":61}}]},"3":{"loc":{"start":{"line":17,"column":2},"end":{"line":17,"column":60}},"type":"if","locations":[{"start":{"line":17,"column":2},"end":{"line":17,"column":60}}]},"4":{"loc":{"start":{"line":18,"column":34},"end":{"line":18,"column":50}},"type":"cond-expr","locations":[{"start":{"line":18,"column":45},"end":{"line":18,"column":46}},{"start":{"line":18,"column":49},"end":{"line":18,"column":50}}]},"5":{"loc":{"start":{"line":24,"column":2},"end":{"line":24,"column":22}},"type":"if","locations":[{"start":{"line":24,"column":2},"end":{"line":24,"column":22}}]},"6":{"loc":{"start":{"line":30,"column":2},"end":{"line":30,"column":35}},"type":"if","locations":[{"start":{"line":30,"column":2},"end":{"line":30,"column":35}}]},"7":{"loc":{"start":{"line":38,"column":27},"end":{"line":38,"column":48}},"type":"binary-expr","locations":[{"start":{"line":38,"column":27},"end":{"line":38,"column":38}},{"start":{"line":38,"column":42},"end":{"line":38,"column":48}}]},"8":{"loc":{"start":{"line":39,"column":20},"end":{"line":39,"column":40}},"type":"binary-expr","locations":[{"start":{"line":39,"column":20},"end":{"line":39,"column":28}},{"start":{"line":39,"column":32},"end":{"line":39,"column":40}}]},"9":{"loc":{"start":{"line":41,"column":9},"end":{"line":41,"column":41}},"type":"cond-expr","locations":[{"start":{"line":41,"column":27},"end":{"line":41,"column":37}},{"start":{"line":41,"column":40},"end":{"line":41,"column":41}}]},"10":{"loc":{"start":{"line":46,"column":9},"end":{"line":46,"column":51}},"type":"cond-expr","locations":[{"start":{"line":46,"column":40},"end":{"line":46,"column":44}},{"start":{"line":46,"column":47},"end":{"line":46,"column":51}}]},"11":{"loc":{"start":{"line":46,"column":9},"end":{"line":46,"column":37}},"type":"binary-expr","locations":[{"start":{"line":46,"column":9},"end":{"line":46,"column":21}},{"start":{"line":46,"column":25},"end":{"line":46,"column":37}}]},"12":{"loc":{"start":{"line":51,"column":2},"end":{"line":52,"column":43}},"type":"if","locations":[{"start":{"line":51,"column":2},"end":{"line":52,"column":43}},{"start":{"line":52,"column":7},"end":{"line":52,"column":43}}]},"13":{"loc":{"start":{"line":52,"column":7},"end":{"line":52,"column":43}},"type":"if","locations":[{"start":{"line":52,"column":7},"end":{"line":52,"column":43}}]},"14":{"loc":{"start":{"line":72,"column":2},"end":{"line":72,"column":17}},"type":"default-arg","locations":[{"start":{"line":72,"column":15},"end":{"line":72,"column":17}}]},"15":{"loc":{"start":{"line":80,"column":4},"end":{"line":80,"column":37}},"type":"if","locations":[{"start":{"line":80,"column":4},"end":{"line":80,"column":37}}]},"16":{"loc":{"start":{"line":80,"column":8},"end":{"line":80,"column":26}},"type":"binary-expr","locations":[{"start":{"line":80,"column":8},"end":{"line":80,"column":11}},{"start":{"line":80,"column":15},"end":{"line":80,"column":26}}]},"17":{"loc":{"start":{"line":82,"column":18},"end":{"line":82,"column":33}},"type":"binary-expr","locations":[{"start":{"line":82,"column":18},"end":{"line":82,"column":28}},{"start":{"line":82,"column":32},"end":{"line":82,"column":33}}]},"18":{"loc":{"start":{"line":82,"column":38},"end":{"line":82,"column":61}},"type":"binary-expr","locations":[{"start":{"line":82,"column":38},"end":{"line":82,"column":56}},{"start":{"line":82,"column":60},"end":{"line":82,"column":61}}]},"19":{"loc":{"start":{"line":86,"column":20},"end":{"line":86,"column":103}},"type":"cond-expr","locations":[{"start":{"line":86,"column":33},"end":{"line":86,"column":99}},{"start":{"line":86,"column":102},"end":{"line":86,"column":103}}]},"20":{"loc":{"start":{"line":91,"column":19},"end":{"line":91,"column":43}},"type":"binary-expr","locations":[{"start":{"line":91,"column":19},"end":{"line":91,"column":32}},{"start":{"line":91,"column":36},"end":{"line":91,"column":43}}]},"21":{"loc":{"start":{"line":93,"column":19},"end":{"line":93,"column":82}},"type":"cond-expr","locations":[{"start":{"line":93,"column":36},"end":{"line":93,"column":78}},{"start":{"line":93,"column":81},"end":{"line":93,"column":82}}]},"22":{"loc":{"start":{"line":94,"column":15},"end":{"line":94,"column":89}},"type":"cond-expr","locations":[{"start":{"line":94,"column":32},"end":{"line":94,"column":85}},{"start":{"line":94,"column":88},"end":{"line":94,"column":89}}]},"23":{"loc":{"start":{"line":98,"column":2},"end":{"line":104,"column":3}},"type":"if","locations":[{"start":{"line":98,"column":2},"end":{"line":104,"column":3}}]},"24":{"loc":{"start":{"line":98,"column":6},"end":{"line":98,"column":53}},"type":"binary-expr","locations":[{"start":{"line":98,"column":6},"end":{"line":98,"column":20}},{"start":{"line":98,"column":24},"end":{"line":98,"column":37}},{"start":{"line":98,"column":41},"end":{"line":98,"column":53}}]},"25":{"loc":{"start":{"line":107,"column":51},"end":{"line":107,"column":105}},"type":"cond-expr","locations":[{"start":{"line":107,"column":88},"end":{"line":107,"column":94}},{"start":{"line":107,"column":97},"end":{"line":107,"column":105}}]},"26":{"loc":{"start":{"line":107,"column":51},"end":{"line":107,"column":85}},"type":"binary-expr","locations":[{"start":{"line":107,"column":51},"end":{"line":107,"column":67}},{"start":{"line":107,"column":71},"end":{"line":107,"column":85}}]},"27":{"loc":{"start":{"line":108,"column":28},"end":{"line":108,"column":82}},"type":"cond-expr","locations":[{"start":{"line":108,"column":43},"end":{"line":108,"column":75}},{"start":{"line":108,"column":78},"end":{"line":108,"column":82}}]},"28":{"loc":{"start":{"line":113,"column":10},"end":{"line":115,"column":104}},"type":"cond-expr","locations":[{"start":{"line":114,"column":8},"end":{"line":114,"column":100}},{"start":{"line":115,"column":8},"end":{"line":115,"column":104}}]}},"s":{"0":2,"1":2,"2":30,"3":23,"4":7,"5":1,"6":6,"7":2,"8":4,"9":2,"10":2,"11":2,"12":6,"13":6,"14":0,"15":6,"16":12,"17":6,"18":12,"19":6,"20":12,"21":6,"22":12,"23":6,"24":6,"25":0,"26":6,"27":7,"28":13,"29":13,"30":5,"31":7,"32":2,"33":6,"34":6,"35":2,"36":9,"37":9,"38":5,"39":4,"40":2,"41":9,"42":2,"43":2,"44":2,"45":2,"46":15,"47":15,"48":0,"49":15,"50":15,"51":2,"52":15,"53":2,"54":2,"55":15,"56":2,"57":2,"58":2,"59":1,"60":2,"61":2,"62":2,"63":2,"64":2,"65":1,"66":1,"67":1,"68":1,"69":1,"70":2},"f":{"0":30,"1":6,"2":12,"3":12,"4":12,"5":12,"6":7,"7":13,"8":13,"9":5,"10":6,"11":9,"12":2,"13":15,"14":15,"15":2,"16":2,"17":1,"18":2},"b":{"0":[23],"1":[1],"2":[2],"3":[2],"4":[0,2],"5":[0],"6":[0],"7":[13,3],"8":[13,11],"9":[5,2],"10":[4,2],"11":[6,5],"12":[5,4],"13":[2],"14":[2],"15":[0],"16":[15,15],"17":[15,15],"18":[15,0],"19":[2,0],"20":[2,2],"21":[1,1],"22":[1,1],"23":[1],"24":[2,1,1],"25":[1,0],"26":[1,1],"27":[1,0],"28":[1,0]}}
,"C:\\Users\\21266\\Desktop\\sdk52\\salorie\\salorie\\lib\\analyticsCompute.ts": {"path":"C:\\Users\\21266\\Desktop\\sdk52\\salorie\\salorie\\lib\\analyticsCompute.ts","statementMap":{"0":{"start":{"line":19,"column":17},"end":{"line":21,"column":42}},"1":{"start":{"line":20,"column":17},"end":{"line":20,"column":64}},"2":{"start":{"line":21,"column":32},"end":{"line":21,"column":41}},"3":{"start":{"line":22,"column":2},"end":{"line":22,"column":37}},"4":{"start":{"line":22,"column":25},"end":{"line":22,"column":37}},"5":{"start":{"line":24,"column":22},"end":{"line":24,"column":28}},"6":{"start":{"line":25,"column":15},"end":{"line":25,"column":62}},"7":{"start":{"line":26,"column":20},"end":{"line":26,"column":80}},"8":{"start":{"line":26,"column":64},"end":{"line":26,"column":69}},"9":{"start":{"line":27,"column":21},"end":{"line":27,"column":65}},"10":{"start":{"line":28,"column":19},"end":{"line":28,"column":76}},"11":{"start":{"line":28,"column":47},"end":{"line":28,"column":52}},"12":{"start":{"line":29,"column":16},"end":{"line":29,"column":36}},"13":{"start":{"line":32,"column":4},"end":{"line":32,"column":71}},"14":{"start":{"line":35,"column":2},"end":{"line":37,"column":37}},"15":{"start":{"line":35,"column":23},"end":{"line":35,"column":54}},"16":{"start":{"line":36,"column":7},"end":{"line":37,"column":37}},"17":{"start":{"line":36,"column":28},"end":{"line":36,"column":58}},"18":{"start":{"line":37,"column":7},"end":{"line":37,"column":37}},"19":{"start":{"line":39,"column":2},"end":{"line":39,"column":36}},"20":{"start":{"line":15,"column":0},"end":{"line":15,"column":16}},"21":{"start":{"line":51,"column":2},"end":{"line":56,"column":4}},"22":{"start":{"line":52,"column":41},"end":{"line":52,"column":70}},"23":{"start":{"line":53,"column":39},"end":{"line":53,"column":66}},"24":{"start":{"line":54,"column":38},"end":{"line":54,"column":64}},"25":{"start":{"line":55,"column":35},"end":{"line":55,"column":48}},"26":{"start":{"line":50,"column":0},"end":{"line":50,"column":16}}},"fnMap":{"0":{"name":"computeWeightTrend","decl":{"start":{"line":15,"column":16},"end":{"line":15,"column":34}},"loc":{"start":{"line":17,"column":46},"end":{"line":40,"column":1}}},"1":{"name":"(anonymous_1)","decl":{"start":{"line":20,"column":9},"end":{"line":20,"column":10}},"loc":{"start":{"line":20,"column":17},"end":{"line":20,"column":64}}},"2":{"name":"(anonymous_2)","decl":{"start":{"line":21,"column":12},"end":{"line":21,"column":13}},"loc":{"start":{"line":21,"column":32},"end":{"line":21,"column":41}}},"3":{"name":"(anonymous_3)","decl":{"start":{"line":26,"column":54},"end":{"line":26,"column":55}},"loc":{"start":{"line":26,"column":64},"end":{"line":26,"column":69}}},"4":{"name":"(anonymous_4)","decl":{"start":{"line":28,"column":37},"end":{"line":28,"column":38}},"loc":{"start":{"line":28,"column":47},"end":{"line":28,"column":52}}},"5":{"name":"summarizeWeek","decl":{"start":{"line":50,"column":16},"end":{"line":50,"column":29}},"loc":{"start":{"line":50,"column":45},"end":{"line":57,"column":1}}},"6":{"name":"(anonymous_6)","decl":{"start":{"line":52,"column":31},"end":{"line":52,"column":32}},"loc":{"start":{"line":52,"column":41},"end":{"line":52,"column":70}}},"7":{"name":"(anonymous_7)","decl":{"start":{"line":53,"column":29},"end":{"line":53,"column":30}},"loc":{"start":{"line":53,"column":39},"end":{"line":53,"column":66}}},"8":{"name":"(anonymous_8)","decl":{"start":{"line":54,"column":28},"end":{"line":54,"column":29}},"loc":{"start":{"line":54,"column":38},"end":{"line":54,"column":64}}},"9":{"name":"(anonymous_9)","decl":{"start":{"line":55,"column":28},"end":{"line":55,"column":29}},"loc":{"start":{"line":55,"column":35},"end":{"line":55,"column":48}}}},"branchMap":{"0":{"loc":{"start":{"line":20,"column":17},"end":{"line":20,"column":64}},"type":"cond-expr","locations":[{"start":{"line":20,"column":49},"end":{"line":20,"column":57}},{"start":{"line":20,"column":60},"end":{"line":20,"column":64}}]},"1":{"loc":{"start":{"line":22,"column":2},"end":{"line":22,"column":37}},"type":"if","locations":[{"start":{"line":22,"column":2},"end":{"line":22,"column":37}}]},"2":{"loc":{"start":{"line":32,"column":4},"end":{"line":32,"column":71}},"type":"cond-expr","locations":[{"start":{"line":32,"column":28},"end":{"line":32,"column":36}},{"start":{"line":32,"column":39},"end":{"line":32,"column":71}}]},"3":{"loc":{"start":{"line":32,"column":39},"end":{"line":32,"column":71}},"type":"cond-expr","locations":[{"start":{"line":32,"column":51},"end":{"line":32,"column":59}},{"start":{"line":32,"column":62},"end":{"line":32,"column":71}}]},"4":{"loc":{"start":{"line":35,"column":2},"end":{"line":37,"column":37}},"type":"if","locations":[{"start":{"line":35,"column":2},"end":{"line":37,"column":37}},{"start":{"line":36,"column":7},"end":{"line":37,"column":37}}]},"5":{"loc":{"start":{"line":36,"column":7},"end":{"line":37,"column":37}},"type":"if","locations":[{"start":{"line":36,"column":7},"end":{"line":37,"column":37}},{"start":{"line":37,"column":7},"end":{"line":37,"column":37}}]},"6":{"loc":{"start":{"line":52,"column":46},"end":{"line":52,"column":69}},"type":"binary-expr","locations":[{"start":{"line":52,"column":46},"end":{"line":52,"column":64}},{"start":{"line":52,"column":68},"end":{"line":52,"column":69}}]},"7":{"loc":{"start":{"line":53,"column":44},"end":{"line":53,"column":65}},"type":"binary-expr","locations":[{"start":{"line":53,"column":44},"end":{"line":53,"column":60}},{"start":{"line":53,"column":64},"end":{"line":53,"column":65}}]},"8":{"loc":{"start":{"line":54,"column":43},"end":{"line":54,"column":63}},"type":"binary-expr","locations":[{"start":{"line":54,"column":43},"end":{"line":54,"column":58}},{"start":{"line":54,"column":62},"end":{"line":54,"column":63}}]}},"s":{"0":7,"1":18,"2":18,"3":7,"4":2,"5":5,"6":5,"7":5,"8":8,"9":5,"10":5,"11":8,"12":5,"13":5,"14":5,"15":3,"16":2,"17":1,"18":1,"19":5,"20":1,"21":2,"22":4,"23":4,"24":4,"25":4,"26":1},"f":{"0":7,"1":18,"2":18,"3":8,"4":8,"5":2,"6":4,"7":4,"8":4,"9":4},"b":{"0":[17,1],"1":[2],"2":[1,4],"3":[2,2],"4":[3,2],"5":[1,1],"6":[4,1],"7":[4,2],"8":[4,1]}}
,"C:\\Users\\21266\\Desktop\\sdk52\\salorie\\salorie\\lib\\healthScore.ts": {"path":"C:\\Users\\21266\\Desktop\\sdk52\\salorie\\salorie\\lib\\healthScore.ts","statementMap":{"0":{"start":{"line":25,"column":43},"end":{"line":27,"column":2}},"1":{"start":{"line":31,"column":10},"end":{"line":31,"column":11}},"2":{"start":{"line":32,"column":2},"end":{"line":32,"column":65}},"3":{"start":{"line":32,"column":32},"end":{"line":32,"column":63}},"4":{"start":{"line":32,"column":47},"end":{"line":32,"column":51}},"5":{"start":{"line":32,"column":57},"end":{"line":32,"column":63}},"6":{"start":{"line":33,"column":2},"end":{"line":33,"column":11}},"7":{"start":{"line":37,"column":12},"end":{"line":37,"column":21}},"8":{"start":{"line":38,"column":15},"end":{"line":38,"column":34}},"9":{"start":{"line":39,"column":18},"end":{"line":39,"column":40}},"10":{"start":{"line":40,"column":16},"end":{"line":40,"column":36}},"11":{"start":{"line":41,"column":14},"end":{"line":41,"column":32}},"12":{"start":{"line":42,"column":18},"end":{"line":42,"column":92}},"13":{"start":{"line":45,"column":19},"end":{"line":45,"column":115}},"14":{"start":{"line":46,"column":17},"end":{"line":46,"column":64}},"15":{"start":{"line":47,"column":17},"end":{"line":47,"column":64}},"16":{"start":{"line":48,"column":16},"end":{"line":48,"column":61}},"17":{"start":{"line":52,"column":2},"end":{"line":72,"column":3}},"18":{"start":{"line":53,"column":4},"end":{"line":53,"column":19}},"19":{"start":{"line":54,"column":21},"end":{"line":54,"column":33}},"20":{"start":{"line":55,"column":20},"end":{"line":55,"column":93}},"21":{"start":{"line":56,"column":19},"end":{"line":56,"column":81}},"22":{"start":{"line":57,"column":17},"end":{"line":57,"column":66}},"23":{"start":{"line":58,"column":17},"end":{"line":58,"column":86}},"24":{"start":{"line":59,"column":19},"end":{"line":59,"column":61}},"25":{"start":{"line":60,"column":18},"end":{"line":60,"column":55}},"26":{"start":{"line":61,"column":4},"end":{"line":61,"column":46}},"27":{"start":{"line":62,"column":4},"end":{"line":62,"column":30}},"28":{"start":{"line":65,"column":4},"end":{"line":65,"column":18}},"29":{"start":{"line":66,"column":20},"end":{"line":66,"column":80}},"30":{"start":{"line":67,"column":18},"end":{"line":67,"column":70}},"31":{"start":{"line":68,"column":17},"end":{"line":68,"column":65}},"32":{"start":{"line":69,"column":18},"end":{"line":69,"column":49}},"33":{"start":{"line":70,"column":4},"end":{"line":70,"column":56}},"34":{"start":{"line":71,"column":4},"end":{"line":71,"column":21}},"35":{"start":{"line":74,"column":14},"end":{"line":74,"column":33}},"36":{"start":{"line":75,"column":23},"end":{"line":75,"column":97}},"37":{"start":{"line":76,"column":42},"end":{"line":76,"column":112}},"38":{"start":{"line":78,"column":16},"end":{"line":78,"column":85}},"39":{"start":{"line":79,"column":2},"end":{"line":79,"column":70}},"40":{"start":{"line":36,"column":0},"end":{"line":36,"column":16}},"41":{"start":{"line":83,"column":13},"end":{"line":87,"column":2}}},"fnMap":{"0":{"name":"pts","decl":{"start":{"line":29,"column":9},"end":{"line":29,"column":12}},"loc":{"start":{"line":29,"column":48},"end":{"line":34,"column":1}}},"1":{"name":"computeHealthScore","decl":{"start":{"line":36,"column":16},"end":{"line":36,"column":34}},"loc":{"start":{"line":36,"column":50},"end":{"line":80,"column":1}}}},"branchMap":{"0":{"loc":{"start":{"line":32,"column":32},"end":{"line":32,"column":63}},"type":"if","locations":[{"start":{"line":32,"column":32},"end":{"line":32,"column":63}},{"start":{"line":32,"column":57},"end":{"line":32,"column":63}}]},"1":{"loc":{"start":{"line":37,"column":12},"end":{"line":37,"column":21}},"type":"binary-expr","locations":[{"start":{"line":37,"column":12},"end":{"line":37,"column":15}},{"start":{"line":37,"column":19},"end":{"line":37,"column":21}}]},"2":{"loc":{"start":{"line":38,"column":15},"end":{"line":38,"column":34}},"type":"binary-expr","locations":[{"start":{"line":38,"column":15},"end":{"line":38,"column":29}},{"start":{"line":38,"column":33},"end":{"line":38,"column":34}}]},"3":{"loc":{"start":{"line":39,"column":18},"end":{"line":39,"column":40}},"type":"binary-expr","locations":[{"start":{"line":39,"column":18},"end":{"line":39,"column":35}},{"start":{"line":39,"column":39},"end":{"line":39,"column":40}}]},"4":{"loc":{"start":{"line":40,"column":16},"end":{"line":40,"column":36}},"type":"binary-expr","locations":[{"start":{"line":40,"column":16},"end":{"line":40,"column":31}},{"start":{"line":40,"column":35},"end":{"line":40,"column":36}}]},"5":{"loc":{"start":{"line":41,"column":14},"end":{"line":41,"column":32}},"type":"binary-expr","locations":[{"start":{"line":41,"column":14},"end":{"line":41,"column":27}},{"start":{"line":41,"column":31},"end":{"line":41,"column":32}}]},"6":{"loc":{"start":{"line":42,"column":18},"end":{"line":42,"column":92}},"type":"binary-expr","locations":[{"start":{"line":42,"column":18},"end":{"line":42,"column":34}},{"start":{"line":42,"column":38},"end":{"line":42,"column":54}},{"start":{"line":42,"column":58},"end":{"line":42,"column":72}},{"start":{"line":42,"column":76},"end":{"line":42,"column":92}}]},"7":{"loc":{"start":{"line":45,"column":19},"end":{"line":45,"column":115}},"type":"cond-expr","locations":[{"start":{"line":45,"column":38},"end":{"line":45,"column":61}},{"start":{"line":45,"column":65},"end":{"line":45,"column":114}}]},"8":{"loc":{"start":{"line":45,"column":65},"end":{"line":45,"column":114}},"type":"cond-expr","locations":[{"start":{"line":45,"column":82},"end":{"line":45,"column":102}},{"start":{"line":45,"column":105},"end":{"line":45,"column":114}}]},"9":{"loc":{"start":{"line":46,"column":17},"end":{"line":46,"column":64}},"type":"cond-expr","locations":[{"start":{"line":46,"column":36},"end":{"line":46,"column":52}},{"start":{"line":46,"column":55},"end":{"line":46,"column":64}}]},"10":{"loc":{"start":{"line":47,"column":17},"end":{"line":47,"column":64}},"type":"cond-expr","locations":[{"start":{"line":47,"column":36},"end":{"line":47,"column":52}},{"start":{"line":47,"column":55},"end":{"line":47,"column":64}}]},"11":{"loc":{"start":{"line":48,"column":16},"end":{"line":48,"column":61}},"type":"cond-expr","locations":[{"start":{"line":48,"column":34},"end":{"line":48,"column":49}},{"start":{"line":48,"column":52},"end":{"line":48,"column":61}}]},"12":{"loc":{"start":{"line":52,"column":2},"end":{"line":72,"column":3}},"type":"if","locations":[{"start":{"line":52,"column":2},"end":{"line":72,"column":3}},{"start":{"line":63,"column":9},"end":{"line":72,"column":3}}]},"13":{"loc":{"start":{"line":56,"column":23},"end":{"line":56,"column":34}},"type":"binary-expr","locations":[{"start":{"line":56,"column":23},"end":{"line":56,"column":29}},{"start":{"line":56,"column":33},"end":{"line":56,"column":34}}]},"14":{"loc":{"start":{"line":57,"column":21},"end":{"line":57,"column":32}},"type":"binary-expr","locations":[{"start":{"line":57,"column":21},"end":{"line":57,"column":27}},{"start":{"line":57,"column":31},"end":{"line":57,"column":32}}]},"15":{"loc":{"start":{"line":58,"column":21},"end":{"line":58,"column":34}},"type":"binary-expr","locations":[{"start":{"line":58,"column":21},"end":{"line":58,"column":29}},{"start":{"line":58,"column":33},"end":{"line":58,"column":34}}]},"16":{"loc":{"start":{"line":59,"column":23},"end":{"line":59,"column":33}},"type":"binary-expr","locations":[{"start":{"line":59,"column":23},"end":{"line":59,"column":28}},{"start":{"line":59,"column":32},"end":{"line":59,"column":33}}]},"17":{"loc":{"start":{"line":75,"column":23},"end":{"line":75,"column":97}},"type":"cond-expr","locations":[{"start":{"line":75,"column":35},"end":{"line":75,"column":38}},{"start":{"line":75,"column":41},"end":{"line":75,"column":97}}]},"18":{"loc":{"start":{"line":75,"column":41},"end":{"line":75,"column":97}},"type":"cond-expr","locations":[{"start":{"line":75,"column":52},"end":{"line":75,"column":55}},{"start":{"line":75,"column":58},"end":{"line":75,"column":97}}]},"19":{"loc":{"start":{"line":75,"column":58},"end":{"line":75,"column":97}},"type":"cond-expr","locations":[{"start":{"line":75,"column":70},"end":{"line":75,"column":73}},{"start":{"line":75,"column":76},"end":{"line":75,"column":97}}]},"20":{"loc":{"start":{"line":75,"column":76},"end":{"line":75,"column":97}},"type":"cond-expr","locations":[{"start":{"line":75,"column":88},"end":{"line":75,"column":91}},{"start":{"line":75,"column":94},"end":{"line":75,"column":97}}]},"21":{"loc":{"start":{"line":76,"column":42},"end":{"line":76,"column":112}},"type":"cond-expr","locations":[{"start":{"line":76,"column":75},"end":{"line":76,"column":81}},{"start":{"line":76,"column":84},"end":{"line":76,"column":112}}]},"22":{"loc":{"start":{"line":76,"column":42},"end":{"line":76,"column":72}},"type":"binary-expr","locations":[{"start":{"line":76,"column":42},"end":{"line":76,"column":55}},{"start":{"line":76,"column":59},"end":{"line":76,"column":72}}]},"23":{"loc":{"start":{"line":76,"column":84},"end":{"line":76,"column":112}},"type":"cond-expr","locations":[{"start":{"line":76,"column":100},"end":{"line":76,"column":104}},{"start":{"line":76,"column":107},"end":{"line":76,"column":112}}]}},"s":{"0":1,"1":242,"2":242,"3":688,"4":477,"5":211,"6":242,"7":49,"8":49,"9":49,"10":49,"11":49,"12":49,"13":49,"14":49,"15":49,"16":49,"17":49,"18":23,"19":23,"20":23,"21":23,"22":23,"23":23,"24":23,"25":23,"26":23,"27":23,"28":26,"29":26,"30":26,"31":26,"32":26,"33":26,"34":26,"35":49,"36":49,"37":49,"38":49,"39":49,"40":1,"41":1},"f":{"0":242,"1":49},"b":{"0":[477,211],"1":[49,2],"2":[49,21],"3":[49,26],"4":[49,34],"5":[49,32],"6":[49,34,31,28],"7":[3,46],"8":[11,35],"9":[15,34],"10":[12,37],"11":[12,37],"12":[23,26],"13":[23,8],"14":[23,11],"15":[23,9],"16":[23,12],"17":[8,41],"18":[17,24],"19":[13,11],"20":[5,6],"21":[25,24],"22":[49,41],"23":[13,11]}}
,"C:\\Users\\21266\\Desktop\\sdk52\\salorie\\salorie\\lib\\localInsights.ts": {"path":"C:\\Users\\21266\\Desktop\\sdk52\\salorie\\salorie\\lib\\localInsights.ts","statementMap":{"0":{"start":{"line":9,"column":16},"end":{"line":9,"column":36}},"1":{"start":{"line":12,"column":2},"end":{"line":12,"column":100}},"2":{"start":{"line":12,"column":39},"end":{"line":12,"column":100}},"3":{"start":{"line":13,"column":2},"end":{"line":13,"column":72}},"4":{"start":{"line":13,"column":26},"end":{"line":13,"column":44}},"5":{"start":{"line":13,"column":46},"end":{"line":13,"column":70}},"6":{"start":{"line":13,"column":61},"end":{"line":13,"column":70}},"7":{"start":{"line":14,"column":2},"end":{"line":14,"column":11}},"8":{"start":{"line":22,"column":14},"end":{"line":25,"column":30}},"9":{"start":{"line":23,"column":17},"end":{"line":23,"column":52}},"10":{"start":{"line":24,"column":19},"end":{"line":24,"column":54}},"11":{"start":{"line":25,"column":20},"end":{"line":25,"column":29}},"12":{"start":{"line":26,"column":2},"end":{"line":26,"column":92}},"13":{"start":{"line":26,"column":22},"end":{"line":26,"column":92}},"14":{"start":{"line":29,"column":13},"end":{"line":29,"column":21}},"15":{"start":{"line":30,"column":13},"end":{"line":30,"column":49}},"16":{"start":{"line":30,"column":28},"end":{"line":30,"column":48}},"17":{"start":{"line":31,"column":13},"end":{"line":31,"column":32}},"18":{"start":{"line":31,"column":28},"end":{"line":31,"column":31}},"19":{"start":{"line":32,"column":12},"end":{"line":32,"column":21}},"20":{"start":{"line":33,"column":13},"end":{"line":33,"column":46}},"21":{"start":{"line":33,"column":33},"end":{"line":33,"column":38}},"22":{"start":{"line":34,"column":13},"end":{"line":34,"column":46}},"23":{"start":{"line":34,"column":33},"end":{"line":34,"column":38}},"24":{"start":{"line":35,"column":12},"end":{"line":35,"column":13}},"25":{"start":{"line":35,"column":21},"end":{"line":35,"column":22}},"26":{"start":{"line":35,"column":30},"end":{"line":35,"column":31}},"27":{"start":{"line":36,"column":2},"end":{"line":36,"column":121}},"28":{"start":{"line":36,"column":15},"end":{"line":36,"column":16}},"29":{"start":{"line":36,"column":32},"end":{"line":36,"column":67}},"30":{"start":{"line":36,"column":68},"end":{"line":36,"column":93}},"31":{"start":{"line":36,"column":94},"end":{"line":36,"column":119}},"32":{"start":{"line":37,"column":16},"end":{"line":37,"column":41}},"33":{"start":{"line":38,"column":13},"end":{"line":38,"column":67}},"34":{"start":{"line":41,"column":15},"end":{"line":41,"column":45}},"35":{"start":{"line":42,"column":17},"end":{"line":42,"column":35}},"36":{"start":{"line":43,"column":16},"end":{"line":43,"column":33}},"37":{"start":{"line":44,"column":20},"end":{"line":44,"column":69}},"38":{"start":{"line":44,"column":44},"end":{"line":44,"column":49}},"39":{"start":{"line":45,"column":19},"end":{"line":45,"column":66}},"40":{"start":{"line":45,"column":42},"end":{"line":45,"column":47}},"41":{"start":{"line":46,"column":20},"end":{"line":46,"column":70}},"42":{"start":{"line":47,"column":26},"end":{"line":47,"column":66}},"43":{"start":{"line":49,"column":18},"end":{"line":49,"column":27}},"44":{"start":{"line":51,"column":4},"end":{"line":51,"column":72}},"45":{"start":{"line":52,"column":18},"end":{"line":52,"column":59}},"46":{"start":{"line":53,"column":21},"end":{"line":53,"column":75}},"47":{"start":{"line":55,"column":49},"end":{"line":55,"column":53}},"48":{"start":{"line":56,"column":2},"end":{"line":66,"column":3}},"49":{"start":{"line":57,"column":18},"end":{"line":57,"column":50}},"50":{"start":{"line":58,"column":4},"end":{"line":65,"column":5}},"51":{"start":{"line":59,"column":6},"end":{"line":64,"column":8}},"52":{"start":{"line":68,"column":2},"end":{"line":72,"column":4}},"53":{"start":{"line":21,"column":0},"end":{"line":21,"column":16}},"54":{"start":{"line":77,"column":103},"end":{"line":93,"column":2}},"55":{"start":{"line":104,"column":14},"end":{"line":109,"column":4}},"56":{"start":{"line":110,"column":17},"end":{"line":119,"column":54}},"57":{"start":{"line":111,"column":27},"end":{"line":111,"column":58}},"58":{"start":{"line":112,"column":16},"end":{"line":112,"column":36}},"59":{"start":{"line":113,"column":4},"end":{"line":113,"column":87}},"60":{"start":{"line":113,"column":25},"end":{"line":113,"column":87}},"61":{"start":{"line":114,"column":4},"end":{"line":114,"column":66}},"62":{"start":{"line":114,"column":25},"end":{"line":114,"column":66}},"63":{"start":{"line":115,"column":4},"end":{"line":115,"column":47}},"64":{"start":{"line":115,"column":35},"end":{"line":115,"column":47}},"65":{"start":{"line":116,"column":4},"end":{"line":116,"column":62}},"66":{"start":{"line":116,"column":50},"end":{"line":116,"column":62}},"67":{"start":{"line":117,"column":4},"end":{"line":118,"column":125}},"68":{"start":{"line":119,"column":20},"end":{"line":119,"column":37}},"69":{"start":{"line":121,"column":2},"end":{"line":121,"column":69}},"70":{"start":{"line":99,"column":0},"end":{"line":99,"column":16}}},"fnMap":{"0":{"name":"toTs","decl":{"start":{"line":11,"column":9},"end":{"line":11,"column":13}},"loc":{"start":{"line":11,"column":28},"end":{"line":15,"column":1}}},"1":{"name":"localWeightForecast","decl":{"start":{"line":21,"column":16},"end":{"line":21,"column":35}},"loc":{"start":{"line":21,"column":81},"end":{"line":73,"column":1}}},"2":{"name":"(anonymous_2)","decl":{"start":{"line":23,"column":9},"end":{"line":23,"column":10}},"loc":{"start":{"line":23,"column":17},"end":{"line":23,"column":52}}},"3":{"name":"(anonymous_3)","decl":{"start":{"line":24,"column":12},"end":{"line":24,"column":13}},"loc":{"start":{"line":24,"column":19},"end":{"line":24,"column":54}}},"4":{"name":"(anonymous_4)","decl":{"start":{"line":25,"column":10},"end":{"line":25,"column":11}},"loc":{"start":{"line":25,"column":20},"end":{"line":25,"column":29}}},"5":{"name":"(anonymous_5)","decl":{"start":{"line":30,"column":21},"end":{"line":30,"column":22}},"loc":{"start":{"line":30,"column":28},"end":{"line":30,"column":48}}},"6":{"name":"(anonymous_6)","decl":{"start":{"line":31,"column":21},"end":{"line":31,"column":22}},"loc":{"start":{"line":31,"column":28},"end":{"line":31,"column":31}}},"7":{"name":"(anonymous_7)","decl":{"start":{"line":33,"column":23},"end":{"line":33,"column":24}},"loc":{"start":{"line":33,"column":33},"end":{"line":33,"column":38}}},"8":{"name":"(anonymous_8)","decl":{"start":{"line":34,"column":23},"end":{"line":34,"column":24}},"loc":{"start":{"line":34,"column":33},"end":{"line":34,"column":38}}},"9":{"name":"(anonymous_9)","decl":{"start":{"line":44,"column":34},"end":{"line":44,"column":35}},"loc":{"start":{"line":44,"column":44},"end":{"line":44,"column":49}}},"10":{"name":"(anonymous_10)","decl":{"start":{"line":45,"column":32},"end":{"line":45,"column":33}},"loc":{"start":{"line":45,"column":42},"end":{"line":45,"column":47}}},"11":{"name":"localMealReco","decl":{"start":{"line":99,"column":16},"end":{"line":99,"column":29}},"loc":{"start":{"line":102,"column":11},"end":{"line":122,"column":1}}},"12":{"name":"(anonymous_12)","decl":{"start":{"line":110,"column":33},"end":{"line":110,"column":34}},"loc":{"start":{"line":110,"column":42},"end":{"line":119,"column":3}}},"13":{"name":"(anonymous_13)","decl":{"start":{"line":119,"column":10},"end":{"line":119,"column":11}},"loc":{"start":{"line":119,"column":20},"end":{"line":119,"column":37}}}},"branchMap":{"0":{"loc":{"start":{"line":12,"column":2},"end":{"line":12,"column":100}},"type":"if","locations":[{"start":{"line":12,"column":2},"end":{"line":12,"column":100}}]},"1":{"loc":{"start":{"line":12,"column":46},"end":{"line":12,"column":99}},"type":"cond-expr","locations":[{"start":{"line":12,"column":67},"end":{"line":12,"column":78}},{"start":{"line":12,"column":81},"end":{"line":12,"column":99}}]},"2":{"loc":{"start":{"line":13,"column":2},"end":{"line":13,"column":72}},"type":"if","locations":[{"start":{"line":13,"column":2},"end":{"line":13,"column":72}}]},"3":{"loc":{"start":{"line":13,"column":46},"end":{"line":13,"column":70}},"type":"if","locations":[{"start":{"line":13,"column":46},"end":{"line":13,"column":70}}]},"4":{"loc":{"start":{"line":22,"column":15},"end":{"line":22,"column":28}},"type":"binary-expr","locations":[{"start":{"line":22,"column":15},"end":{"line":22,"column":22}},{"start":{"line":22,"column":26},"end":{"line":22,"column":28}}]},"5":{"loc":{"start":{"line":24,"column":19},"end":{"line":24,"column":54}},"type":"binary-expr","locations":[{"start":{"line":24,"column":19},"end":{"line":24,"column":26}},{"start":{"line":24,"column":30},"end":{"line":24,"column":43}},{"start":{"line":24,"column":47},"end":{"line":24,"column":54}}]},"6":{"loc":{"start":{"line":26,"column":2},"end":{"line":26,"column":92}},"type":"if","locations":[{"start":{"line":26,"column":2},"end":{"line":26,"column":92}}]},"7":{"loc":{"start":{"line":37,"column":16},"end":{"line":37,"column":41}},"type":"cond-expr","locations":[{"start":{"line":37,"column":28},"end":{"line":37,"column":29}},{"start":{"line":37,"column":32},"end":{"line":37,"column":41}}]},"8":{"loc":{"start":{"line":38,"column":13},"end":{"line":38,"column":67}},"type":"cond-expr","locations":[{"start":{"line":38,"column":38},"end":{"line":38,"column":39}},{"start":{"line":38,"column":42},"end":{"line":38,"column":67}}]},"9":{"loc":{"start":{"line":38,"column":13},"end":{"line":38,"column":35}},"type":"binary-expr","locations":[{"start":{"line":38,"column":13},"end":{"line":38,"column":22}},{"start":{"line":38,"column":26},"end":{"line":38,"column":35}}]},"10":{"loc":{"start":{"line":51,"column":4},"end":{"line":51,"column":72}},"type":"cond-expr","locations":[{"start":{"line":51,"column":29},"end":{"line":51,"column":37}},{"start":{"line":51,"column":40},"end":{"line":51,"column":72}}]},"11":{"loc":{"start":{"line":51,"column":40},"end":{"line":51,"column":72}},"type":"cond-expr","locations":[{"start":{"line":51,"column":52},"end":{"line":51,"column":60}},{"start":{"line":51,"column":63},"end":{"line":51,"column":72}}]},"12":{"loc":{"start":{"line":52,"column":18},"end":{"line":52,"column":59}},"type":"binary-expr","locations":[{"start":{"line":52,"column":18},"end":{"line":52,"column":49}},{"start":{"line":52,"column":53},"end":{"line":52,"column":59}}]},"13":{"loc":{"start":{"line":53,"column":56},"end":{"line":53,"column":72}},"type":"cond-expr","locations":[{"start":{"line":53,"column":65},"end":{"line":53,"column":66}},{"start":{"line":53,"column":69},"end":{"line":53,"column":72}}]},"14":{"loc":{"start":{"line":56,"column":2},"end":{"line":66,"column":3}},"type":"if","locations":[{"start":{"line":56,"column":2},"end":{"line":66,"column":3}}]},"15":{"loc":{"start":{"line":56,"column":6},"end":{"line":56,"column":52}},"type":"binary-expr","locations":[{"start":{"line":56,"column":6},"end":{"line":56,"column":26}},{"start":{"line":56,"column":30},"end":{"line":56,"column":52}}]},"16":{"loc":{"start":{"line":58,"column":4},"end":{"line":65,"column":5}},"type":"if","locations":[{"start":{"line":58,"column":4},"end":{"line":65,"column":5}}]},"17":{"loc":{"start":{"line":58,"column":8},"end":{"line":58,"column":32}},"type":"binary-expr","locations":[{"start":{"line":58,"column":8},"end":{"line":58,"column":17}},{"start":{"line":58,"column":21},"end":{"line":58,"column":32}}]},"18":{"loc":{"start":{"line":101,"column":2},"end":{"line":101,"column":49}},"type":"default-arg","locations":[{"start":{"line":101,"column":39},"end":{"line":101,"column":49}}]},"19":{"loc":{"start":{"line":102,"column":2},"end":{"line":102,"column":11}},"type":"default-arg","locations":[{"start":{"line":102,"column":10},"end":{"line":102,"column":11}}]},"20":{"loc":{"start":{"line":105,"column":22},"end":{"line":105,"column":50}},"type":"binary-expr","locations":[{"start":{"line":105,"column":22},"end":{"line":105,"column":45}},{"start":{"line":105,"column":49},"end":{"line":105,"column":50}}]},"21":{"loc":{"start":{"line":106,"column":19},"end":{"line":106,"column":44}},"type":"binary-expr","locations":[{"start":{"line":106,"column":19},"end":{"line":106,"column":39}},{"start":{"line":106,"column":43},"end":{"line":106,"column":44}}]},"22":{"loc":{"start":{"line":107,"column":19},"end":{"line":107,"column":44}},"type":"binary-expr","locations":[{"start":{"line":107,"column":19},"end":{"line":107,"column":39}},{"start":{"line":107,"column":43},"end":{"line":107,"column":44}}]},"23":{"loc":{"start":{"line":108,"column":19},"end":{"line":108,"column":44}},"type":"binary-expr","locations":[{"start":{"line":108,"column":19},"end":{"line":108,"column":39}},{"start":{"line":108,"column":43},"end":{"line":108,"column":44}}]},"24":{"loc":{"start":{"line":113,"column":4},"end":{"line":113,"column":87}},"type":"if","locations":[{"start":{"line":113,"column":4},"end":{"line":113,"column":87}}]},"25":{"loc":{"start":{"line":113,"column":35},"end":{"line":113,"column":70}},"type":"cond-expr","locations":[{"start":{"line":113,"column":64},"end":{"line":113,"column":66}},{"start":{"line":113,"column":69},"end":{"line":113,"column":70}}]},"26":{"loc":{"start":{"line":114,"column":4},"end":{"line":114,"column":66}},"type":"if","locations":[{"start":{"line":114,"column":4},"end":{"line":114,"column":66}}]},"27":{"loc":{"start":{"line":115,"column":4},"end":{"line":115,"column":47}},"type":"if","locations":[{"start":{"line":115,"column":4},"end":{"line":115,"column":47}}]},"28":{"loc":{"start":{"line":115,"column":8},"end":{"line":115,"column":33}},"type":"binary-expr","locations":[{"start":{"line":115,"column":8},"end":{"line":115,"column":17}},{"start":{"line":115,"column":21},"end":{"line":115,"column":33}}]},"29":{"loc":{"start":{"line":116,"column":4},"end":{"line":116,"column":62}},"type":"if","locations":[{"start":{"line":116,"column":4},"end":{"line":116,"column":62}}]},"30":{"loc":{"start":{"line":116,"column":8},"end":{"line":116,"column":48}},"type":"binary-expr","locations":[{"start":{"line":116,"column":8},"end":{"line":116,"column":18}},{"start":{"line":116,"column":22},"end":{"line":116,"column":48}}]}},"s":{"0":1,"1":64,"2":60,"3":4,"4":4,"5":4,"6":3,"7":1,"8":22,"9":64,"10":64,"11":43,"12":22,"13":6,"14":16,"15":16,"16":57,"17":16,"18":57,"19":16,"20":16,"21":57,"22":16,"23":57,"24":16,"25":16,"26":16,"27":16,"28":16,"29":57,"30":57,"31":57,"32":16,"33":16,"34":16,"35":16,"36":16,"37":16,"38":23,"39":16,"40":23,"41":16,"42":16,"43":16,"44":16,"45":16,"46":16,"47":16,"48":16,"49":3,"50":3,"51":1,"52":16,"53":1,"54":1,"55":15,"56":15,"57":225,"58":225,"59":225,"60":30,"61":225,"62":15,"63":225,"64":72,"65":225,"66":12,"67":225,"68":601,"69":15,"70":1},"f":{"0":64,"1":22,"2":64,"3":64,"4":43,"5":57,"6":57,"7":57,"8":57,"9":23,"10":23,"11":15,"12":225,"13":601},"b":{"0":[60],"1":[57,3],"2":[4],"3":[3],"4":[22,2],"5":[64,63,63],"6":[6],"7":[0,16],"8":[4,12],"9":[16,16],"10":[5,11],"11":[10,1],"12":[16,5],"13":[1,15],"14":[3],"15":[16,4],"16":[1],"17":[3,2],"18":[3],"19":[3],"20":[15,1],"21":[15,2],"22":[15,2],"23":[15,2],"24":[30],"25":[4,26],"26":[15],"27":[72],"28":[225,180],"29":[12],"30":[225,60]}}
,"C:\\Users\\21266\\Desktop\\sdk52\\salorie\\salorie\\lib\\mlApi.ts": {"path":"C:\\Users\\21266\\Desktop\\sdk52\\salorie\\salorie\\lib\\mlApi.ts","statementMap":{"0":{"start":{"line":5,"column":0},"end":{"line":5,"column":38}},"1":{"start":{"line":7,"column":16},"end":{"line":7,"column":62}},"2":{"start":{"line":10,"column":14},"end":{"line":10,"column":68}},"3":{"start":{"line":10,"column":63},"end":{"line":10,"column":67}},"4":{"start":{"line":11,"column":2},"end":{"line":11,"column":100}},"5":{"start":{"line":36,"column":2},"end":{"line":36,"column":70}},"6":{"start":{"line":36,"column":16},"end":{"line":36,"column":70}},"7":{"start":{"line":37,"column":12},"end":{"line":37,"column":91}},"8":{"start":{"line":38,"column":14},"end":{"line":38,"column":92}},"9":{"start":{"line":39,"column":2},"end":{"line":39,"column":68}},"10":{"start":{"line":39,"column":15},"end":{"line":39,"column":68}},"11":{"start":{"line":40,"column":2},"end":{"line":40,"column":20}},"12":{"start":{"line":35,"column":0},"end":{"line":35,"column":7}},"13":{"start":{"line":48,"column":2},"end":{"line":48,"column":70}},"14":{"start":{"line":48,"column":16},"end":{"line":48,"column":70}},"15":{"start":{"line":49,"column":14},"end":{"line":53,"column":4}},"16":{"start":{"line":54,"column":2},"end":{"line":54,"column":62}},"17":{"start":{"line":54,"column":15},"end":{"line":54,"column":62}},"18":{"start":{"line":55,"column":2},"end":{"line":55,"column":20}},"19":{"start":{"line":43,"column":0},"end":{"line":43,"column":7}},"20":{"start":{"line":62,"column":2},"end":{"line":62,"column":70}},"21":{"start":{"line":62,"column":16},"end":{"line":62,"column":70}},"22":{"start":{"line":63,"column":14},"end":{"line":67,"column":4}},"23":{"start":{"line":68,"column":2},"end":{"line":68,"column":69}},"24":{"start":{"line":68,"column":15},"end":{"line":68,"column":69}},"25":{"start":{"line":69,"column":2},"end":{"line":69,"column":20}},"26":{"start":{"line":58,"column":0},"end":{"line":58,"column":7}}},"fnMap":{"0":{"name":"headers","decl":{"start":{"line":9,"column":15},"end":{"line":9,"column":22}},"loc":{"start":{"line":9,"column":22},"end":{"line":12,"column":1}}},"1":{"name":"(anonymous_1)","decl":{"start":{"line":10,"column":57},"end":{"line":10,"column":60}},"loc":{"start":{"line":10,"column":63},"end":{"line":10,"column":67}}},"2":{"name":"mlWeightForecast","decl":{"start":{"line":35,"column":22},"end":{"line":35,"column":38}},"loc":{"start":{"line":35,"column":60},"end":{"line":41,"column":1}}},"3":{"name":"mlMealReco","decl":{"start":{"line":43,"column":22},"end":{"line":43,"column":32}},"loc":{"start":{"line":46,"column":11},"end":{"line":56,"column":1}}},"4":{"name":"mlPortionEstimate","decl":{"start":{"line":58,"column":22},"end":{"line":58,"column":39}},"loc":{"start":{"line":60,"column":19},"end":{"line":70,"column":1}}}},"branchMap":{"0":{"loc":{"start":{"line":7,"column":17},"end":{"line":7,"column":54}},"type":"binary-expr","locations":[{"start":{"line":7,"column":17},"end":{"line":7,"column":48}},{"start":{"line":7,"column":52},"end":{"line":7,"column":54}}]},"1":{"loc":{"start":{"line":11,"column":51},"end":{"line":11,"column":96}},"type":"cond-expr","locations":[{"start":{"line":11,"column":57},"end":{"line":11,"column":91}},{"start":{"line":11,"column":94},"end":{"line":11,"column":96}}]},"2":{"loc":{"start":{"line":36,"column":2},"end":{"line":36,"column":70}},"type":"if","locations":[{"start":{"line":36,"column":2},"end":{"line":36,"column":70}}]},"3":{"loc":{"start":{"line":37,"column":12},"end":{"line":37,"column":91}},"type":"cond-expr","locations":[{"start":{"line":37,"column":35},"end":{"line":37,"column":86}},{"start":{"line":37,"column":89},"end":{"line":37,"column":91}}]},"4":{"loc":{"start":{"line":39,"column":2},"end":{"line":39,"column":68}},"type":"if","locations":[{"start":{"line":39,"column":2},"end":{"line":39,"column":68}}]},"5":{"loc":{"start":{"line":45,"column":2},"end":{"line":45,"column":49}},"type":"default-arg","locations":[{"start":{"line":45,"column":39},"end":{"line":45,"column":49}}]},"6":{"loc":{"start":{"line":46,"column":2},"end":{"line":46,"column":11}},"type":"default-arg","locations":[{"start":{"line":46,"column":10},"end":{"line":46,"column":11}}]},"7":{"loc":{"start":{"line":48,"column":2},"end":{"line":48,"column":70}},"type":"if","locations":[{"start":{"line":48,"column":2},"end":{"line":48,"column":70}}]},"8":{"loc":{"start":{"line":54,"column":2},"end":{"line":54,"column":62}},"type":"if","locations":[{"start":{"line":54,"column":2},"end":{"line":54,"column":62}}]},"9":{"loc":{"start":{"line":62,"column":2},"end":{"line":62,"column":70}},"type":"if","locations":[{"start":{"line":62,"column":2},"end":{"line":62,"column":70}}]},"10":{"loc":{"start":{"line":68,"column":2},"end":{"line":68,"column":69}},"type":"if","locations":[{"start":{"line":68,"column":2},"end":{"line":68,"column":69}}]}},"s":{"0":6,"1":6,"2":21,"3":1,"4":21,"5":12,"6":2,"7":10,"8":10,"9":10,"10":1,"11":9,"12":6,"13":7,"14":1,"15":6,"16":6,"17":1,"18":5,"19":6,"20":6,"21":1,"22":5,"23":5,"24":1,"25":4,"26":6},"f":{"0":21,"1":1,"2":12,"3":7,"4":6},"b":{"0":[6,4],"1":[3,18],"2":[2],"3":[2,8],"4":[1],"5":[5],"6":[6],"7":[1],"8":[1],"9":[1],"10":[1]}}
,"C:\\Users\\21266\\Desktop\\sdk52\\salorie\\salorie\\lib\\nutriScore.ts": {"path":"C:\\Users\\21266\\Desktop\\sdk52\\salorie\\salorie\\lib\\nutriScore.ts","statementMap":{"0":{"start":{"line":9,"column":10},"end":{"line":9,"column":11}},"1":{"start":{"line":10,"column":2},"end":{"line":10,"column":73}},"2":{"start":{"line":10,"column":15},"end":{"line":10,"column":16}},"3":{"start":{"line":10,"column":41},"end":{"line":10,"column":73}},"4":{"start":{"line":10,"column":63},"end":{"line":10,"column":73}},"5":{"start":{"line":11,"column":2},"end":{"line":11,"column":11}},"6":{"start":{"line":18,"column":13},"end":{"line":18,"column":33}},"7":{"start":{"line":21,"column":4},"end":{"line":24,"column":70}},"8":{"start":{"line":26,"column":13},"end":{"line":26,"column":31}},"9":{"start":{"line":27,"column":14},"end":{"line":27,"column":57}},"10":{"start":{"line":28,"column":15},"end":{"line":28,"column":54}},"11":{"start":{"line":29,"column":16},"end":{"line":29,"column":55}},"12":{"start":{"line":30,"column":10},"end":{"line":30,"column":20}},"13":{"start":{"line":32,"column":2},"end":{"line":32,"column":38}},"14":{"start":{"line":32,"column":27},"end":{"line":32,"column":38}},"15":{"start":{"line":33,"column":16},"end":{"line":33,"column":21}},"16":{"start":{"line":34,"column":28},"end":{"line":34,"column":110}},"17":{"start":{"line":35,"column":2},"end":{"line":35,"column":26}},"18":{"start":{"line":14,"column":0},"end":{"line":14,"column":16}},"19":{"start":{"line":38,"column":13},"end":{"line":40,"column":2}}},"fnMap":{"0":{"name":"pts","decl":{"start":{"line":7,"column":9},"end":{"line":7,"column":12}},"loc":{"start":{"line":7,"column":43},"end":{"line":12,"column":1}}},"1":{"name":"nutriScore","decl":{"start":{"line":14,"column":16},"end":{"line":14,"column":26}},"loc":{"start":{"line":17,"column":1},"end":{"line":36,"column":1}}}},"branchMap":{"0":{"loc":{"start":{"line":10,"column":41},"end":{"line":10,"column":73}},"type":"if","locations":[{"start":{"line":10,"column":41},"end":{"line":10,"column":73}}]},"1":{"loc":{"start":{"line":26,"column":13},"end":{"line":26,"column":31}},"type":"binary-expr","locations":[{"start":{"line":26,"column":13},"end":{"line":26,"column":26}},{"start":{"line":26,"column":30},"end":{"line":26,"column":31}}]},"2":{"loc":{"start":{"line":27,"column":14},"end":{"line":27,"column":57}},"type":"cond-expr","locations":[{"start":{"line":27,"column":24},"end":{"line":27,"column":25}},{"start":{"line":27,"column":28},"end":{"line":27,"column":57}}]},"3":{"loc":{"start":{"line":27,"column":28},"end":{"line":27,"column":57}},"type":"cond-expr","locations":[{"start":{"line":27,"column":38},"end":{"line":27,"column":39}},{"start":{"line":27,"column":42},"end":{"line":27,"column":57}}]},"4":{"loc":{"start":{"line":27,"column":42},"end":{"line":27,"column":57}},"type":"cond-expr","locations":[{"start":{"line":27,"column":52},"end":{"line":27,"column":53}},{"start":{"line":27,"column":56},"end":{"line":27,"column":57}}]},"5":{"loc":{"start":{"line":32,"column":2},"end":{"line":32,"column":38}},"type":"if","locations":[{"start":{"line":32,"column":2},"end":{"line":32,"column":38}}]},"6":{"loc":{"start":{"line":32,"column":6},"end":{"line":32,"column":25}},"type":"binary-expr","locations":[{"start":{"line":32,"column":6},"end":{"line":32,"column":12}},{"start":{"line":32,"column":16},"end":{"line":32,"column":25}}]},"7":{"loc":{"start":{"line":34,"column":28},"end":{"line":34,"column":110}},"type":"cond-expr","locations":[{"start":{"line":34,"column":42},"end":{"line":34,"column":45}},{"start":{"line":34,"column":48},"end":{"line":34,"column":110}}]},"8":{"loc":{"start":{"line":34,"column":48},"end":{"line":34,"column":110}},"type":"cond-expr","locations":[{"start":{"line":34,"column":61},"end":{"line":34,"column":64}},{"start":{"line":34,"column":67},"end":{"line":34,"column":110}}]},"9":{"loc":{"start":{"line":34,"column":67},"end":{"line":34,"column":110}},"type":"cond-expr","locations":[{"start":{"line":34,"column":81},"end":{"line":34,"column":84}},{"start":{"line":34,"column":87},"end":{"line":34,"column":110}}]},"10":{"loc":{"start":{"line":34,"column":87},"end":{"line":34,"column":110}},"type":"cond-expr","locations":[{"start":{"line":34,"column":101},"end":{"line":34,"column":104}},{"start":{"line":34,"column":107},"end":{"line":34,"column":110}}]}},"s":{"0":168,"1":168,"2":168,"3":1400,"4":290,"5":168,"6":28,"7":28,"8":28,"9":28,"10":28,"11":28,"12":28,"13":28,"14":21,"15":28,"16":28,"17":28,"18":1,"19":1},"f":{"0":168,"1":28},"b":{"0":[290],"1":[28,16],"2":[4,24],"3":[4,20],"4":[2,18],"5":[21],"6":[28,9],"7":[8,20],"8":[8,12],"9":[5,7],"10":[3,4]}}
,"C:\\Users\\21266\\Desktop\\sdk52\\salorie\\salorie\\lib\\projections.ts": {"path":"C:\\Users\\21266\\Desktop\\sdk52\\salorie\\salorie\\lib\\projections.ts","statementMap":{"0":{"start":{"line":4,"column":20},"end":{"line":4,"column":24}},"1":{"start":{"line":15,"column":17},"end":{"line":15,"column":40}},"2":{"start":{"line":16,"column":2},"end":{"line":16,"column":45}},"3":{"start":{"line":16,"column":25},"end":{"line":16,"column":45}},"4":{"start":{"line":17,"column":2},"end":{"line":17,"column":45}},"5":{"start":{"line":17,"column":25},"end":{"line":17,"column":45}},"6":{"start":{"line":18,"column":2},"end":{"line":18,"column":49}},"7":{"start":{"line":18,"column":16},"end":{"line":18,"column":49}},"8":{"start":{"line":19,"column":2},"end":{"line":19,"column":16}},"9":{"start":{"line":14,"column":0},"end":{"line":14,"column":16}},"10":{"start":{"line":24,"column":15},"end":{"line":24,"column":30}},"11":{"start":{"line":25,"column":18},"end":{"line":25,"column":56}},"12":{"start":{"line":26,"column":16},"end":{"line":26,"column":30}},"13":{"start":{"line":27,"column":2},"end":{"line":27,"column":49}},"14":{"start":{"line":23,"column":0},"end":{"line":23,"column":16}},"15":{"start":{"line":32,"column":15},"end":{"line":32,"column":30}},"16":{"start":{"line":33,"column":17},"end":{"line":33,"column":40}},"17":{"start":{"line":34,"column":2},"end":{"line":34,"column":71}},"18":{"start":{"line":31,"column":0},"end":{"line":31,"column":16}},"19":{"start":{"line":39,"column":2},"end":{"line":39,"column":48}},"20":{"start":{"line":39,"column":36},"end":{"line":39,"column":48}},"21":{"start":{"line":40,"column":15},"end":{"line":40,"column":40}},"22":{"start":{"line":41,"column":15},"end":{"line":41,"column":28}},"23":{"start":{"line":42,"column":2},"end":{"line":42,"column":41}},"24":{"start":{"line":42,"column":29},"end":{"line":42,"column":41}},"25":{"start":{"line":43,"column":2},"end":{"line":43,"column":55}},"26":{"start":{"line":43,"column":43},"end":{"line":43,"column":55}},"27":{"start":{"line":44,"column":2},"end":{"line":44,"column":65}},"28":{"start":{"line":38,"column":0},"end":{"line":38,"column":16}}},"fnMap":{"0":{"name":"estimateTDEE","decl":{"start":{"line":14,"column":16},"end":{"line":14,"column":28}},"loc":{"start":{"line":14,"column":43},"end":{"line":20,"column":1}}},"1":{"name":"projectWeight","decl":{"start":{"line":23,"column":16},"end":{"line":23,"column":29}},"loc":{"start":{"line":23,"column":74},"end":{"line":28,"column":1}}},"2":{"name":"weeklyRate","decl":{"start":{"line":31,"column":16},"end":{"line":31,"column":26}},"loc":{"start":{"line":31,"column":41},"end":{"line":35,"column":1}}},"3":{"name":"weeksToGoal","decl":{"start":{"line":38,"column":16},"end":{"line":38,"column":27}},"loc":{"start":{"line":38,"column":42},"end":{"line":45,"column":1}}}},"branchMap":{"0":{"loc":{"start":{"line":15,"column":17},"end":{"line":15,"column":40}},"type":"binary-expr","locations":[{"start":{"line":15,"column":17},"end":{"line":15,"column":32}},{"start":{"line":15,"column":36},"end":{"line":15,"column":40}}]},"1":{"loc":{"start":{"line":16,"column":2},"end":{"line":16,"column":45}},"type":"if","locations":[{"start":{"line":16,"column":2},"end":{"line":16,"column":45}}]},"2":{"loc":{"start":{"line":17,"column":2},"end":{"line":17,"column":45}},"type":"if","locations":[{"start":{"line":17,"column":2},"end":{"line":17,"column":45}}]},"3":{"loc":{"start":{"line":18,"column":2},"end":{"line":18,"column":49}},"type":"if","locations":[{"start":{"line":18,"column":2},"end":{"line":18,"column":49}}]},"4":{"loc":{"start":{"line":26,"column":16},"end":{"line":26,"column":30}},"type":"binary-expr","locations":[{"start":{"line":26,"column":16},"end":{"line":26,"column":24}},{"start":{"line":26,"column":28},"end":{"line":26,"column":30}}]},"5":{"loc":{"start":{"line":33,"column":17},"end":{"line":33,"column":40}},"type":"binary-expr","locations":[{"start":{"line":33,"column":17},"end":{"line":33,"column":32}},{"start":{"line":33,"column":36},"end":{"line":33,"column":40}}]},"6":{"loc":{"start":{"line":39,"column":2},"end":{"line":39,"column":48}},"type":"if","locations":[{"start":{"line":39,"column":2},"end":{"line":39,"column":48}}]},"7":{"loc":{"start":{"line":39,"column":6},"end":{"line":39,"column":34}},"type":"binary-expr","locations":[{"start":{"line":39,"column":6},"end":{"line":39,"column":15}},{"start":{"line":39,"column":19},"end":{"line":39,"column":34}}]},"8":{"loc":{"start":{"line":42,"column":2},"end":{"line":42,"column":41}},"type":"if","locations":[{"start":{"line":42,"column":2},"end":{"line":42,"column":41}}]},"9":{"loc":{"start":{"line":43,"column":2},"end":{"line":43,"column":55}},"type":"if","locations":[{"start":{"line":43,"column":2},"end":{"line":43,"column":55}}]}},"s":{"0":1,"1":11,"2":11,"3":2,"4":9,"5":2,"6":7,"7":6,"8":1,"9":1,"10":1,"11":1,"12":1,"13":1,"14":1,"15":4,"16":4,"17":4,"18":1,"19":5,"20":2,"21":3,"22":3,"23":3,"24":1,"25":2,"26":1,"27":1,"28":1},"f":{"0":11,"1":1,"2":4,"3":5},"b":{"0":[11,3],"1":[2],"2":[2],"3":[6],"4":[1,0],"5":[4,0],"6":[2],"7":[5,4],"8":[1],"9":[1]}}
}
