TN:
SF:lib\adaptiveTDEE.ts
FN:13,(anonymous_0)
FN:22,slope
FN:25,(anonymous_2)
FN:26,(anonymous_3)
FN:27,(anonymous_4)
FN:28,(anonymous_5)
FN:36,slopeKgPerDay
FN:38,(anonymous_7)
FN:39,(anonymous_8)
FN:40,(anonymous_9)
FN:44,tdeeFromIntakeAndSlope
FN:49,recommendedTargetFor
FN:68,computeAdaptiveTDEE
FN:84,(anonymous_13)
FN:86,(anonymous_14)
FN:90,(anonymous_15)
FN:91,(anonymous_16)
FN:92,(anonymous_17)
FN:94,(anonymous_18)
FNF:19
FNH:19
FNDA:30,(anonymous_0)
FNDA:6,slope
FNDA:12,(anonymous_2)
FNDA:12,(anonymous_3)
FNDA:12,(anonymous_4)
FNDA:12,(anonymous_5)
FNDA:7,slopeKgPerDay
FNDA:13,(anonymous_7)
FNDA:13,(anonymous_8)
FNDA:5,(anonymous_9)
FNDA:6,tdeeFromIntakeAndSlope
FNDA:9,recommendedTargetFor
FNDA:2,computeAdaptiveTDEE
FNDA:15,(anonymous_13)
FNDA:15,(anonymous_14)
FNDA:2,(anonymous_15)
FNDA:2,(anonymous_16)
FNDA:1,(anonymous_17)
FNDA:2,(anonymous_18)
DA:11,2
DA:13,2
DA:14,30
DA:15,7
DA:16,6
DA:17,4
DA:18,2
DA:23,6
DA:24,6
DA:25,12
DA:26,12
DA:27,12
DA:28,12
DA:29,6
DA:30,6
DA:31,6
DA:36,2
DA:37,7
DA:38,13
DA:39,13
DA:40,5
DA:41,7
DA:44,2
DA:45,6
DA:46,6
DA:49,2
DA:50,9
DA:51,9
DA:52,4
DA:53,9
DA:68,2
DA:74,2
DA:77,2
DA:78,2
DA:79,15
DA:80,15
DA:81,15
DA:82,15
DA:84,15
DA:85,2
DA:86,15
DA:89,2
DA:90,2
DA:91,2
DA:92,1
DA:93,2
DA:94,2
DA:95,2
DA:98,2
DA:99,1
DA:106,1
DA:107,1
DA:108,1
DA:110,1
LF:54
LH:54
BRDA:14,0,0,23
BRDA:15,1,0,1
BRDA:16,2,0,2
BRDA:17,3,0,2
BRDA:18,4,0,0
BRDA:18,4,1,2
BRDA:24,5,0,0
BRDA:30,6,0,0
BRDA:38,7,0,13
BRDA:38,7,1,3
BRDA:39,8,0,13
BRDA:39,8,1,11
BRDA:41,9,0,5
BRDA:41,9,1,2
BRDA:46,10,0,4
BRDA:46,10,1,2
BRDA:46,11,0,6
BRDA:46,11,1,5
BRDA:51,12,0,5
BRDA:51,12,1,4
BRDA:52,13,0,2
BRDA:72,14,0,2
BRDA:80,15,0,0
BRDA:80,16,0,15
BRDA:80,16,1,15
BRDA:82,17,0,15
BRDA:82,17,1,15
BRDA:82,18,0,15
BRDA:82,18,1,0
BRDA:86,19,0,2
BRDA:86,19,1,0
BRDA:91,20,0,2
BRDA:91,20,1,2
BRDA:93,21,0,1
BRDA:93,21,1,1
BRDA:94,22,0,1
BRDA:94,22,1,1
BRDA:98,23,0,1
BRDA:98,24,0,2
BRDA:98,24,1,1
BRDA:98,24,2,1
BRDA:107,25,0,1
BRDA:107,25,1,0
BRDA:107,26,0,1
BRDA:107,26,1,1
BRDA:108,27,0,1
BRDA:108,27,1,0
BRDA:113,28,0,1
BRDA:113,28,1,0
BRF:49
BRH:40
end_of_record
TN:
SF:lib\analyticsCompute.ts
FN:15,computeWeightTrend
FN:20,(anonymous_1)
FN:21,(anonymous_2)
FN:26,(anonymous_3)
FN:28,(anonymous_4)
FN:50,summarizeWeek
FN:52,(anonymous_6)
FN:53,(anonymous_7)
FN:54,(anonymous_8)
FN:55,(anonymous_9)
FNF:10
FNH:10
FNDA:7,computeWeightTrend
FNDA:18,(anonymous_1)
FNDA:18,(anonymous_2)
FNDA:8,(anonymous_3)
FNDA:8,(anonymous_4)
FNDA:2,summarizeWeek
FNDA:4,(anonymous_6)
FNDA:4,(anonymous_7)
FNDA:4,(anonymous_8)
FNDA:4,(anonymous_9)
DA:15,1
DA:19,7
DA:20,18
DA:21,18
DA:22,7
DA:24,5
DA:25,5
DA:26,8
DA:27,5
DA:28,8
DA:29,5
DA:32,5
DA:35,5
DA:36,2
DA:37,1
DA:39,5
DA:50,1
DA:51,2
DA:52,4
DA:53,4
DA:54,4
DA:55,4
LF:22
LH:22
BRDA:20,0,0,17
BRDA:20,0,1,1
BRDA:22,1,0,2
BRDA:32,2,0,1
BRDA:32,2,1,4
BRDA:32,3,0,2
BRDA:32,3,1,2
BRDA:35,4,0,3
BRDA:35,4,1,2
BRDA:36,5,0,1
BRDA:36,5,1,1
BRDA:52,6,0,4
BRDA:52,6,1,1
BRDA:53,7,0,4
BRDA:53,7,1,2
BRDA:54,8,0,4
BRDA:54,8,1,1
BRF:17
BRH:17
end_of_record
TN:
SF:lib\healthScore.ts
FN:29,pts
FN:36,computeHealthScore
FNF:2
FNH:2
FNDA:242,pts
FNDA:49,computeHealthScore
DA:25,1
DA:31,242
DA:32,688
DA:33,242
DA:36,1
DA:37,49
DA:38,49
DA:39,49
DA:40,49
DA:41,49
DA:42,49
DA:45,49
DA:46,49
DA:47,49
DA:48,49
DA:52,49
DA:53,23
DA:54,23
DA:55,23
DA:56,23
DA:57,23
DA:58,23
DA:59,23
DA:60,23
DA:61,23
DA:62,23
DA:65,26
DA:66,26
DA:67,26
DA:68,26
DA:69,26
DA:70,26
DA:71,26
DA:74,49
DA:75,49
DA:76,49
DA:78,49
DA:79,49
DA:83,1
LF:39
LH:39
BRDA:32,0,0,477
BRDA:32,0,1,211
BRDA:37,1,0,49
BRDA:37,1,1,2
BRDA:38,2,0,49
BRDA:38,2,1,21
BRDA:39,3,0,49
BRDA:39,3,1,26
BRDA:40,4,0,49
BRDA:40,4,1,34
BRDA:41,5,0,49
BRDA:41,5,1,32
BRDA:42,6,0,49
BRDA:42,6,1,34
BRDA:42,6,2,31
BRDA:42,6,3,28
BRDA:45,7,0,3
BRDA:45,7,1,46
BRDA:45,8,0,11
BRDA:45,8,1,35
BRDA:46,9,0,15
BRDA:46,9,1,34
BRDA:47,10,0,12
BRDA:47,10,1,37
BRDA:48,11,0,12
BRDA:48,11,1,37
BRDA:52,12,0,23
BRDA:52,12,1,26
BRDA:56,13,0,23
BRDA:56,13,1,8
BRDA:57,14,0,23
BRDA:57,14,1,11
BRDA:58,15,0,23
BRDA:58,15,1,9
BRDA:59,16,0,23
BRDA:59,16,1,12
BRDA:75,17,0,8
BRDA:75,17,1,41
BRDA:75,18,0,17
BRDA:75,18,1,24
BRDA:75,19,0,13
BRDA:75,19,1,11
BRDA:75,20,0,5
BRDA:75,20,1,6
BRDA:76,21,0,25
BRDA:76,21,1,24
BRDA:76,22,0,49
BRDA:76,22,1,41
BRDA:76,23,0,13
BRDA:76,23,1,11
BRF:50
BRH:50
end_of_record
TN:
SF:lib\localInsights.ts
FN:11,toTs
FN:21,localWeightForecast
FN:23,(anonymous_2)
FN:24,(anonymous_3)
FN:25,(anonymous_4)
FN:30,(anonymous_5)
FN:31,(anonymous_6)
FN:33,(anonymous_7)
FN:34,(anonymous_8)
FN:44,(anonymous_9)
FN:45,(anonymous_10)
FN:99,localMealReco
FN:110,(anonymous_12)
FN:119,(anonymous_13)
FNF:14
FNH:14
FNDA:64,toTs
FNDA:22,localWeightForecast
FNDA:64,(anonymous_2)
FNDA:64,(anonymous_3)
FNDA:43,(anonymous_4)
FNDA:57,(anonymous_5)
FNDA:57,(anonymous_6)
FNDA:57,(anonymous_7)
FNDA:57,(anonymous_8)
FNDA:23,(anonymous_9)
FNDA:23,(anonymous_10)
FNDA:15,localMealReco
FNDA:225,(anonymous_12)
FNDA:601,(anonymous_13)
DA:9,1
DA:12,64
DA:13,4
DA:14,1
DA:21,1
DA:22,22
DA:23,64
DA:24,64
DA:25,43
DA:26,22
DA:29,16
DA:30,57
DA:31,57
DA:32,16
DA:33,57
DA:34,57
DA:35,16
DA:36,57
DA:37,16
DA:38,16
DA:41,16
DA:42,16
DA:43,16
DA:44,23
DA:45,23
DA:46,16
DA:47,16
DA:49,16
DA:51,16
DA:52,16
DA:53,16
DA:55,16
DA:56,16
DA:57,3
DA:58,3
DA:59,1
DA:68,16
DA:77,1
DA:99,1
DA:104,15
DA:110,15
DA:111,225
DA:112,225
DA:113,225
DA:114,225
DA:115,225
DA:116,225
DA:117,225
DA:119,601
DA:121,15
LF:50
LH:50
BRDA:12,0,0,60
BRDA:12,1,0,57
BRDA:12,1,1,3
BRDA:13,2,0,4
BRDA:13,3,0,3
BRDA:22,4,0,22
BRDA:22,4,1,2
BRDA:24,5,0,64
BRDA:24,5,1,63
BRDA:24,5,2,63
BRDA:26,6,0,6
BRDA:37,7,0,0
BRDA:37,7,1,16
BRDA:38,8,0,4
BRDA:38,8,1,12
BRDA:38,9,0,16
BRDA:38,9,1,16
BRDA:51,10,0,5
BRDA:51,10,1,11
BRDA:51,11,0,10
BRDA:51,11,1,1
BRDA:52,12,0,16
BRDA:52,12,1,5
BRDA:53,13,0,1
BRDA:53,13,1,15
BRDA:56,14,0,3
BRDA:56,15,0,16
BRDA:56,15,1,4
BRDA:58,16,0,1
BRDA:58,17,0,3
BRDA:58,17,1,2
BRDA:101,18,0,3
BRDA:102,19,0,3
BRDA:105,20,0,15
BRDA:105,20,1,1
BRDA:106,21,0,15
BRDA:106,21,1,2
BRDA:107,22,0,15
BRDA:107,22,1,2
BRDA:108,23,0,15
BRDA:108,23,1,2
BRDA:113,24,0,30
BRDA:113,25,0,4
BRDA:113,25,1,26
BRDA:114,26,0,15
BRDA:115,27,0,72
BRDA:115,28,0,225
BRDA:115,28,1,180
BRDA:116,29,0,12
BRDA:116,30,0,225
BRDA:116,30,1,60
BRF:51
BRH:50
end_of_record
TN:
SF:lib\mlApi.ts
FN:9,headers
FN:10,(anonymous_1)
FN:35,mlWeightForecast
FN:43,mlMealReco
FN:58,mlPortionEstimate
FNF:5
FNH:5
FNDA:21,headers
FNDA:1,(anonymous_1)
FNDA:12,mlWeightForecast
FNDA:7,mlMealReco
FNDA:6,mlPortionEstimate
DA:5,6
DA:7,6
DA:10,21
DA:11,21
DA:35,6
DA:36,12
DA:37,10
DA:38,10
DA:39,10
DA:40,9
DA:43,6
DA:48,7
DA:49,6
DA:54,6
DA:55,5
DA:58,6
DA:62,6
DA:63,5
DA:68,5
DA:69,4
LF:20
LH:20
BRDA:7,0,0,6
BRDA:7,0,1,4
BRDA:11,1,0,3
BRDA:11,1,1,18
BRDA:36,2,0,2
BRDA:37,3,0,2
BRDA:37,3,1,8
BRDA:39,4,0,1
BRDA:45,5,0,5
BRDA:46,6,0,6
BRDA:48,7,0,1
BRDA:54,8,0,1
BRDA:62,9,0,1
BRDA:68,10,0,1
BRF:14
BRH:14
end_of_record
TN:
SF:lib\nutriScore.ts
FN:7,pts
FN:14,nutriScore
FNF:2
FNH:2
FNDA:168,pts
FNDA:28,nutriScore
DA:9,168
DA:10,1400
DA:11,168
DA:14,1
DA:18,28
DA:21,28
DA:26,28
DA:27,28
DA:28,28
DA:29,28
DA:30,28
DA:32,28
DA:33,28
DA:34,28
DA:35,28
DA:38,1
LF:16
LH:16
BRDA:10,0,0,290
BRDA:26,1,0,28
BRDA:26,1,1,16
BRDA:27,2,0,4
BRDA:27,2,1,24
BRDA:27,3,0,4
BRDA:27,3,1,20
BRDA:27,4,0,2
BRDA:27,4,1,18
BRDA:32,5,0,21
BRDA:32,6,0,28
BRDA:32,6,1,9
BRDA:34,7,0,8
BRDA:34,7,1,20
BRDA:34,8,0,8
BRDA:34,8,1,12
BRDA:34,9,0,5
BRDA:34,9,1,7
BRDA:34,10,0,3
BRDA:34,10,1,4
BRF:20
BRH:20
end_of_record
TN:
SF:lib\projections.ts
FN:14,estimateTDEE
FN:23,projectWeight
FN:31,weeklyRate
FN:38,weeksToGoal
FNF:4
FNH:4
FNDA:11,estimateTDEE
FNDA:1,projectWeight
FNDA:4,weeklyRate
FNDA:5,weeksToGoal
DA:4,1
DA:14,1
DA:15,11
DA:16,11
DA:17,9
DA:18,7
DA:19,1
DA:23,1
DA:24,1
DA:25,1
DA:26,1
DA:27,1
DA:31,1
DA:32,4
DA:33,4
DA:34,4
DA:38,1
DA:39,5
DA:40,3
DA:41,3
DA:42,3
DA:43,2
DA:44,1
LF:23
LH:23
BRDA:15,0,0,11
BRDA:15,0,1,3
BRDA:16,1,0,2
BRDA:17,2,0,2
BRDA:18,3,0,6
BRDA:26,4,0,1
BRDA:26,4,1,0
BRDA:33,5,0,4
BRDA:33,5,1,0
BRDA:39,6,0,2
BRDA:39,7,0,5
BRDA:39,7,1,4
BRDA:42,8,0,1
BRDA:43,9,0,1
BRF:14
BRH:12
end_of_record
